Full: TGAGACCTCTTGAGGTTTTAACGCCAA
Toe: TGAGACCTCTTGAGGTT
T_melt (toe): 45.0802301187
T_melt (full): 58.4801548733
T_misprime (max): 32.4464887121
Worst misprime sequence: TGAGACCTCATGAGAGGCCTTCTTGTT
Full: TGAGACCAGAGTACCTGTTCGACAAGA
Toe: TGAGACCAGAGTACCTG
T_melt (toe): 45.5004017329
T_melt (full): 58.7440297139
T_misprime (max): 34.6917301207
Worst misprime sequence: TGAGACCAGAGTTCGTATGCGAGATGA
Full: TGAGACCACAAACACTCAGACTACGGT
Toe: TGAGACCACAAACACTC
T_melt (toe): 45.2354972837
T_melt (full): 59.3812984144
T_misprime (max): 31.7285270393
Worst misprime sequence: TGAGACCAAGCACATCAACTACGGACC
Full: TGAGACCCATCTAAGGGTTTTGCACAA
Toe: TGAGACCCATCTAAGGG
T_melt (toe): 45.3574608986
T_melt (full): 58.4613102245
T_misprime (max): 34.9773569407
Worst misprime sequence: TGAGACCCCTAAGGGATAGTGAACCAC
Full: TGAGACCTGTGAGTCTCATTGCGAATT
Toe: TGAGACCTGTGAGTCTC
T_melt (toe): 45.9481789579
T_melt (full): 58.3827040727
T_misprime (max): 31.205757493
Worst misprime sequence: TGAGACCTACCAGTGTGAGTCCTCCAC
Full: TGAGACCAAGAAGCCTATCGCACTAGA
Toe: TGAGACCAAGAAGCCTA
T_melt (toe): 45.2070315387
T_melt (full): 58.9014586577
T_misprime (max): 29.1922619663
Worst misprime sequence: TGAGACCACATTTCCTTTCGCTTCGAA
Full: TGAGACCGGCATTATACTTCTAGCGCT
Toe: TGAGACCGGCATTATAC
T_melt (toe): 44.5513897902
T_melt (full): 59.4894562501
T_misprime (max): 31.2449510432
Worst misprime sequence: TGAGACCGAAATACTGACCGCCATTAA
Full: TGAGACCACCTCTTTGGTAGTACTGGA
Toe: TGAGACCACCTCTTTGG
T_melt (toe): 46.8220344715
T_melt (full): 58.2356372168
T_misprime (max): 31.9144103939
Worst misprime sequence: TGAGACCACCGCTAAATCATTTGGCAT
Full: TGAGACCGACCCTACTAAATCTTTGCA
Toe: TGAGACCGACCCTACTA
T_melt (toe): 46.4162389599
T_melt (full): 57.6764257194
T_misprime (max): 33.0118748922
Worst misprime sequence: TGAGACCCCCCTACTATTACCACCCAT
Full: TGAGACCGGTCTTTAGAATCGGAACTG
Toe: TGAGACCGGTCTTTAGA
T_melt (toe): 45.0110518341
T_melt (full): 58.238646938
T_misprime (max): 31.0415092184
Worst misprime sequence: TGAGACCGGATCTAAGCTCTAGACTCA
Full: TGAGACCCATCCGATAATAGACAAGCA
Toe: TGAGACCCATCCGATAA
T_melt (toe): 45.0569835945
T_melt (full): 57.348381295
T_misprime (max): 33.3246734412
Worst misprime sequence: TGAGACCCATACGTTGACGGAGAGGCA
Full: TGAGACCTGACGTGTTTAACAATCGTC
Toe: TGAGACCTGACGTGTTT
T_melt (toe): 46.8818272542
T_melt (full): 57.5427037352
T_misprime (max): 33.797179721
Worst misprime sequence: TGAGACCAACGTGTTAGGAGCAGTCTC
Full: TGAGACCCGGTTACATAACAACGCATT
Toe: TGAGACCCGGTTACATA
T_melt (toe): 45.0224393204
T_melt (full): 58.8607071597
T_misprime (max): 34.8679100246
Worst misprime sequence: TGAGACCCGCATAACAATAATGATCGG
Full: TGAGACCACCCATCTACTAAGGTTGGT
Toe: TGAGACCACCCATCTAC
T_melt (toe): 45.8566275171
T_melt (full): 58.4966401205
T_misprime (max): 31.134153078
Worst misprime sequence: TGAGACCAAATGACCACCCAATGCTAG
Full: TGAGACCTACTCGGTAGCTAAGTGTGG
Toe: TGAGACCTACTCGGTAG
T_melt (toe): 45.0338903853
T_melt (full): 58.9093487149
T_misprime (max): 30.6652139045
Worst misprime sequence: TGAGACCAGGAAGGTAGCTCATAGACG
Full: TGAGACCAACGTGTTAGGAGCAGTCTC
Toe: TGAGACCAACGTGTTAG
T_melt (toe): 45.1226783144
T_melt (full): 59.9635134486
T_misprime (max): 33.797179721
Worst misprime sequence: TGAGACCTGACGTGTTTAACAATCGTC
Full: TGAGACCATTGGATTGTGCACAGCTAC
Toe: TGAGACCATTGGATTGT
T_melt (toe): 43.7642481974
T_melt (full): 59.3343633336
T_misprime (max): 34.0153256734
Worst misprime sequence: TGAGACCAGGGTAAGTGCACATCGATA
Full: TGAGACCCATGCAATTATAGGTGGCAT
Toe: TGAGACCCATGCAATTA
T_melt (toe): 43.8943942299
T_melt (full): 58.2394007494
T_misprime (max): 30.995450741
Worst misprime sequence: TGAGACCAATGCAAACTGTAAGCAGAT
Full: TGAGACCTTAGAAGGGGTTGAAGCAAT
Toe: TGAGACCTTAGAAGGGG
T_melt (toe): 45.2765181837
T_melt (full): 57.8061729914
T_misprime (max): 34.5045744677
Worst misprime sequence: TGAGACCTTATCAGGGGCATTCAGACA
Full: TGAGACCCATTGAATCGCAAATAGACC
Toe: TGAGACCCATTGAATCG
T_melt (toe): 45.1236654432
T_melt (full): 57.3885793368
T_misprime (max): 30.5764840282
Worst misprime sequence: TGAGACCCATCCGATAATAGACAAGCA
Full: TGAGACCGCATAGATCATAGCTTTTGC
Toe: TGAGACCGCATAGATCA
T_melt (toe): 45.7035231582
T_melt (full): 57.5167190377
T_misprime (max): 33.260061351
Worst misprime sequence: TGAGACCCCAATACCAATGCTTTTGCT
Full: TGAGACCAGTTTGCTACGAGGATTAGC
Toe: TGAGACCAGTTTGCTAC
T_melt (toe): 44.9665698238
T_melt (full): 58.5001758835
T_misprime (max): 29.2361139048
Worst misprime sequence: TGAGACCAGTAGCAGATGTTTCGATGG
Full: TGAGACCTTATCAGGGGCATTCAGACA
Toe: TGAGACCTTATCAGGGG
T_melt (toe): 45.3574608986
T_melt (full): 59.0434243068
T_misprime (max): 34.5045744677
Worst misprime sequence: TGAGACCTTAGAAGGGGTTGAAGCAAT
Full: TGAGACCTCCACTAGTCGTTAGCATTG
Toe: TGAGACCTCCACTAGTC
T_melt (toe): 45.1478309971
T_melt (full): 58.0248979015
T_misprime (max): 31.1784921371
Worst misprime sequence: TGAGACCTCACGACTATTGAGGTCTCG
Full: TGAGACCAACCTCTTCTCGAACAAACC
Toe: TGAGACCAACCTCTTCT
T_melt (toe): 45.0802301187
T_melt (full): 58.7576011858
T_misprime (max): 31.1205196386
Worst misprime sequence: TGAGACCATTAACAGGCTCGAACTGAG
Full: TGAGACCCACCTAGTACGACTAGTACC
Toe: TGAGACCCACCTAGTAC
T_melt (toe): 45.0796938298
T_melt (full): 58.0002034792
T_misprime (max): 33.8223491582
Worst misprime sequence: TGAGACCCCCCTACTATTACCACCCAT
Full: TGAGACCCGTTAATCACTTGAGGCATA
Toe: TGAGACCCGTTAATCAC
T_melt (toe): 44.7426404767
T_melt (full): 57.7291284442
T_misprime (max): 34.9756444215
Worst misprime sequence: TGAGACCCGTTTCTCATCACCTACTGG
Full: TGAGACCTAGGGGAATCATTATTCGCG
Toe: TGAGACCTAGGGGAATC
T_melt (toe): 44.9992343554
T_melt (full): 58.174427178
T_misprime (max): 31.6034993122
Worst misprime sequence: TGAGACCTAGTGGGTACAGAGTCGGCG
Full: TGAGACCCTAGGGGTATGTCGAAAAAC
Toe: TGAGACCCTAGGGGTAT
T_melt (toe): 45.6511380875
T_melt (full): 57.9454583905
T_misprime (max): 31.1025369749
Worst misprime sequence: TGAGACCCTAGACCGTAGTACTAGGCC
Full: TGAGACCTGGTAACAGTAGGCAGATGG
Toe: TGAGACCTGGTAACAGT
T_melt (toe): 45.1262297239
T_melt (full): 59.3217794186
T_misprime (max): 33.5349356232
Worst misprime sequence: TGAGACCTGGTGAGAAACGGCTTAGAT
Full: TGAGACCTACTAGACCGGGTATGGCCG
Toe: TGAGACCTACTAGACCG
T_melt (toe): 45.0338903853
T_melt (full): 62.1773155791
T_misprime (max): 34.7977911727
Worst misprime sequence: TGAGACCCTAGACCGTAGTACTAGGCC
Full: TGAGACCGATTCTATGCAAAGGCAGTA
Toe: TGAGACCGATTCTATGC
T_melt (toe): 44.6205411288
T_melt (full): 58.0053946369
T_misprime (max): 33.0234708835
Worst misprime sequence: TGAGACCGAACTATGACTCTCAAACCT
Full: TGAGACCCTACGATTCAGGCACTAATT
Toe: TGAGACCCTACGATTCA
T_melt (toe): 45.0910928782
T_melt (full): 57.5094787298
T_misprime (max): 31.5072154109
Worst misprime sequence: TGAGACCCTACTCAGAGAGAGTGGTTA
Full: TGAGACCACCGCTAAATCATTTGGCAT
Toe: TGAGACCACCGCTAAAT
T_melt (toe): 46.5919023122
T_melt (full): 59.1145501958
T_misprime (max): 31.9144103939
Worst misprime sequence: TGAGACCACCTCTTTGGTAGTACTGGA
Full: TGAGACCCTTTCGACTAGTGTTACGCA
Toe: TGAGACCCTTTCGACTA
T_melt (toe): 45.0110518341
T_melt (full): 59.4920692242
T_misprime (max): 33.6464349315
Worst misprime sequence: TGAGACCCTTAGAGGACTAGAGTTCCC
Full: TGAGACCTCTAACTCCCCGTAAGACTG
Toe: TGAGACCTCTAACTCCC
T_melt (toe): 45.0339249222
T_melt (full): 58.6358084763
T_misprime (max): 32.4769829756
Worst misprime sequence: TGAGACCTCTCTGTTCCCTGTGAGCAG
Full: TGAGACCTGGTGAGAAACGGCTTAGAT
Toe: TGAGACCTGGTGAGAAA
T_melt (toe): 45.4832964447
T_melt (full): 59.268797698
T_misprime (max): 33.9705666436
Worst misprime sequence: TGAGACCAGGTCTCAATTGCAAAACTG
Full: TGAGACCCAGCAAATTTACGGAGACAC
Toe: TGAGACCCAGCAAATTT
T_melt (toe): 44.8617045154
T_melt (full): 59.0739996507
T_misprime (max): 32.7981743869
Worst misprime sequence: TGAGACCAATTTACGGGACAATAACGC
Full: TGAGACCGTTCTAGAGTACTAGGGAGT
Toe: TGAGACCGTTCTAGAGT
T_melt (toe): 44.7262433253
T_melt (full): 57.2257670475
T_misprime (max): 34.952478945
Worst misprime sequence: TGAGACCCTAGACCGTAGTACTAGGCC
Full: TGAGACCCTTAGAGGACTAGAGTTCCC
Toe: TGAGACCCTTAGAGGAC
T_melt (toe): 45.0339249222
T_melt (full): 57.9140621132
T_misprime (max): 34.27237777
Worst misprime sequence: TGAGACCCTTAGGAGGTTAAGAACGCA
Full: TGAGACCCACGAAGATACGAAATGACC
Toe: TGAGACCCACGAAGATA
T_melt (toe): 45.0910928782
T_melt (full): 58.5033356464
T_misprime (max): 30.4321144102
Worst misprime sequence: TGAGACCCACCTAGTACGACTAGTACC
Full: TGAGACCAATGCAAACTGTAAGCAGAT
Toe: TGAGACCAATGCAAACT
T_melt (toe): 44.9769343689
T_melt (full): 57.2099495025
T_misprime (max): 30.995450741
Worst misprime sequence: TGAGACCCATGCAATTATAGGTGGCAT
Full: TGAGACCCTAGACCGTAGTACTAGGCC
Toe: TGAGACCCTAGACCGTA
T_melt (toe): 46.4162389599
T_melt (full): 59.6402846505
T_misprime (max): 34.952478945
Worst misprime sequence: TGAGACCGTTCTAGAGTACTAGGGAGT
Full: TGAGACCGAACAAGATTCGATAGCCTA
Toe: TGAGACCGAACAAGATT
T_melt (toe): 44.0469844808
T_melt (full): 57.3793020963
T_misprime (max): 34.7118201354
Worst misprime sequence: TGAGACCGAACTATGACTCTCAAACCT
Full: TGAGACCAATTTGTGCTGTCACTATCC
Toe: TGAGACCAATTTGTGCT
T_melt (toe): 44.9769343689
T_melt (full): 57.2803448751
T_misprime (max): 30.9085196609
Worst misprime sequence: TGAGACCAATTTACGGGACAATAACGC
Full: TGAGACCAAACCCTCTTAGCCATCTTG
Toe: TGAGACCAAACCCTCTT
T_melt (toe): 45.7186138995
T_melt (full): 58.3654847511
T_misprime (max): 30.5873299619
Worst misprime sequence: TGAGACCAATCCGAAAGTAGCCAGGAT
Full: TGAGACCTCACGACTATTGAGGTCTCG
Toe: TGAGACCTCACGACTAT
T_melt (toe): 44.8059520347
T_melt (full): 59.1820266313
T_misprime (max): 32.4334441924
Worst misprime sequence: TGAGACCTCATGAGAGGCCTTCTTGTT
Full: TGAGACCATTGAAGTCAAATTTGCCGT
Toe: TGAGACCATTGAAGTCA
T_melt (toe): 43.4641420551
T_melt (full): 57.8568289768
T_misprime (max): 32.7315400959
Worst misprime sequence: TGAGACCAGCAAGATTATTTGCCGTTA
Full: TGAGACCGCTACTAACTGTGCCAATTC
Toe: TGAGACCGCTACTAACT
T_melt (toe): 45.1929152575
T_melt (full): 58.921891036
T_misprime (max): 32.9349717942
Worst misprime sequence: TGAGACCGCTTTCAAAGAACGGAGAGG
Full: TGAGACCGTAGTTCAATCGTTGCATTT
Toe: TGAGACCGTAGTTCAAT
T_melt (toe): 43.3520746486
T_melt (full): 57.5142176081
T_misprime (max): 34.2428444053
Worst misprime sequence: TGAGACCGTATTTCTGTGTTTCGTCTC
Full: TGAGACCTCCTGGTAGTTCTCAGTCGA
Toe: TGAGACCTCCTGGTAGT
T_melt (toe): 46.5032532625
T_melt (full): 59.6926551179
T_misprime (max): 32.7812706394
Worst misprime sequence: TGAGACCTCCTATGGATAAAGGACTGC
Full: TGAGACCCTTAATGCAACAGCAGGAAA
Toe: TGAGACCCTTAATGCAA
T_melt (toe): 43.8141292935
T_melt (full): 58.7357620997
T_misprime (max): 30.1035973822
Worst misprime sequence: TGAGACCAATGCAAACTGTAAGCAGAT
Full: TGAGACCAGGTCTCAATTGCAAAACTG
Toe: TGAGACCAGGTCTCAAT
T_melt (toe): 45.1612671329
T_melt (full): 57.8634204533
T_misprime (max): 33.9705666436
Worst misprime sequence: TGAGACCTGGTGAGAAACGGCTTAGAT
Full: TGAGACCCCCATATACCAGGGAGTCAG
Toe: TGAGACCCCCATATACC
T_melt (toe): 45.0107013
T_melt (full): 60.0635791416
T_misprime (max): 33.9433462881
Worst misprime sequence: TGAGACCCCCTATCACATAAGTGAGAC
Full: TGAGACCAAGGTACAGTAATTAGGCGC
Toe: TGAGACCAAGGTACAGT
T_melt (toe): 45.1262297239
T_melt (full): 58.4954138901
T_misprime (max): 30.481037222
Worst misprime sequence: TGAGACCTAGTGGGTACAGAGTCGGCG
Full: TGAGACCTGAGATGACAACTCGTCTGT
Toe: TGAGACCTGAGATGACA
T_melt (toe): 44.9304905133
T_melt (full): 59.0119758329
T_misprime (max): 32.440220146
Worst misprime sequence: TGAGACCTGAGGAACTTATGGTACGCA
Full: TGAGACCCGTAACAAAGTGAGCGAGTG
Toe: TGAGACCCGTAACAAAG
T_melt (toe): 45.011501502
T_melt (full): 60.6368121233
T_misprime (max): 34.9743600168
Worst misprime sequence: TGAGACCCGCATAACAATAATGATCGG
Full: TGAGACCCAAATGATCGGCTGCTAGAG
Toe: TGAGACCCAAATGATCG
T_melt (toe): 45.1236654432
T_melt (full): 60.1194552203
T_misprime (max): 31.6766014704
Worst misprime sequence: TGAGACCCATATGCCTGCACTAAGTTA
Full: TGAGACCAGAGAGAGAGGCAACAATTC
Toe: TGAGACCAGAGAGAGAG
T_melt (toe): 44.8290529094
T_melt (full): 58.1667950593
T_misprime (max): 34.2864003862
Worst misprime sequence: TGAGACCAGAGTACCTGTTCGACAAGA
Full: TGAGACCAGATTATGGGGAACGGAGTA
Toe: TGAGACCAGATTATGGG
T_melt (toe): 43.3333918363
T_melt (full): 58.3987015037
T_misprime (max): 33.332525022
Worst misprime sequence: TGAGACCGCTTTCAAAGAACGGAGAGG
Full: TGAGACCATATGCCTACTTGTGACGAT
Toe: TGAGACCATATGCCTAC
T_melt (toe): 43.5771668744
T_melt (full): 57.5748088233
T_misprime (max): 34.589776954
Worst misprime sequence: TGAGACCATAGGCATACAAACCGGCTA
Full: TGAGACCGTCTCAGTATGGAGTTCCTG
Toe: TGAGACCGTCTCAGTAT
T_melt (toe): 44.8059520347
T_melt (full): 59.1186029557
T_misprime (max): 31.6319035025
Worst misprime sequence: TGAGACCATCCCCTATCAGTAGGAGTA
Full: TGAGACCTAACAGAGCCATTTTCGCAG
Toe: TGAGACCTAACAGAGCC
T_melt (toe): 46.3034603438
T_melt (full): 59.1290966571
T_misprime (max): 31.8690226206
Worst misprime sequence: TGAGACCTACCAGTGTGAGTCCTCCAC
Full: TGAGACCCGCATAACAATAATGATCGG
Toe: TGAGACCCGCATAACAA
T_melt (toe): 46.9816377081
T_melt (full): 57.2994488198
T_misprime (max): 34.9743600168
Worst misprime sequence: TGAGACCCGTAACAAAGTGAGCGAGTG
Full: TGAGACCCATACCTCTGAGATACCAGG
Toe: TGAGACCCATACCTCTG
T_melt (toe): 45.4696655189
T_melt (full): 58.237520803
T_misprime (max): 33.3917200388
Worst misprime sequence: TGAGACCCTTACCTTCGAGTTTTGACA
Full: TGAGACCCATACGTTGACGGAGAGGCA
Toe: TGAGACCCATACGTTGA
T_melt (toe): 45.8305617375
T_melt (full): 62.6982886923
T_misprime (max): 33.3246734412
Worst misprime sequence: TGAGACCCATCCGATAATAGACAAGCA
Full: TGAGACCTACCTTACCAGCTACACCTA
Toe: TGAGACCTACCTTACCA
T_melt (toe): 43.950311274
T_melt (full): 57.6387322289
T_misprime (max): 31.9078656643
Worst misprime sequence: TGAGACCTACCAGTGTGAGTCCTCCAC
Full: TGAGACCAGTAACCTCCAAGACTGACA
Toe: TGAGACCAGTAACCTCC
T_melt (toe): 45.776454426
T_melt (full): 58.6748731796
T_misprime (max): 34.0536720301
Worst misprime sequence: TGAGACCAGTATCTCCGCTCAGCTACT
Full: TGAGACCCCTAAGGGATAGTGAACCAC
Toe: TGAGACCCCTAAGGGAT
T_melt (toe): 46.3726421143
T_melt (full): 58.8293896242
T_misprime (max): 34.9773569407
Worst misprime sequence: TGAGACCCATCTAAGGGTTTTGCACAA
Full: TGAGACCTAGCATTCCTTGCCTGTATT
Toe: TGAGACCTAGCATTCCT
T_melt (toe): 44.8832411989
T_melt (full): 57.7078328555
T_misprime (max): 33.9336403472
Worst misprime sequence: TGAGACCTAGCTGTACCTCGCTTTTTT
Full: TGAGACCTAAAGTGGGTCAGGTTTTGC
Toe: TGAGACCTAAAGTGGGT
T_melt (toe): 45.0107013
T_melt (full): 58.9565350715
T_misprime (max): 33.7492601226
Worst misprime sequence: TGAGACCTAGTGGGTACAGAGTCGGCG
Full: TGAGACCCCTACAATCGTCAAGGAGAC
Toe: TGAGACCCCTACAATCG
T_melt (toe): 46.4243295568
T_melt (full): 59.3271016821
T_misprime (max): 33.0830779841
Worst misprime sequence: TGAGACCCCTTCATCTCGAAGCTTCTC
Full: TGAGACCACACTCCAATATAGGTGGGG
Toe: TGAGACCACACTCCAAT
T_melt (toe): 45.9093932201
T_melt (full): 59.0985499762
T_misprime (max): 30.0811567949
Worst misprime sequence: TGAGACCACATTTCCTTTCGCTTCGAA
Full: TGAGACCTCTTAACCCCTCCCTAGTCA
Toe: TGAGACCTCTTAACCCC
T_melt (toe): 45.6670066577
T_melt (full): 59.1921436774
T_misprime (max): 32.4499765796
Worst misprime sequence: TGAGACCTGGATTACCCCTCAATACCG
Full: TGAGACCGCTTTCAAAGAACGGAGAGG
Toe: TGAGACCGCTTTCAAAG
T_melt (toe): 46.2084528249
T_melt (full): 60.6397814818
T_misprime (max): 33.332525022
Worst misprime sequence: TGAGACCAGATTATGGGGAACGGAGTA
Full: TGAGACCCCAATACCAATGCTTTTGCT
Toe: TGAGACCCCAATACCAA
T_melt (toe): 45.3839712192
T_melt (full): 58.9962030513
T_misprime (max): 33.260061351
Worst misprime sequence: TGAGACCGCATAGATCATAGCTTTTGC
Full: TGAGACCCGTAGGTATTTCGCGATTTT
Toe: TGAGACCCGTAGGTATT
T_melt (toe): 44.6186121326
T_melt (full): 58.4985915407
T_misprime (max): 33.1287655868
Worst misprime sequence: TGAGACCCGTAACAAAGTGAGCGAGTG
Full: TGAGACCGAATGTGGTAGACGGAAAGT
Toe: TGAGACCGAATGTGGTA
T_melt (toe): 45.8305617375
T_melt (full): 59.4874835191
T_misprime (max): 33.0112790648
Worst misprime sequence: TGAGACCGAAGTGAGTCGGTCATATCC
Full: TGAGACCTCAGAGCTTGTACGTCTCAC
Toe: TGAGACCTCAGAGCTTG
T_melt (toe): 46.7132250738
T_melt (full): 59.5475636438
T_misprime (max): 33.4081675731
Worst misprime sequence: TGAGACCTCAGCCTAGATGTGAGCGCT
Full: TGAGACCCGTTTCTCATCACCTACTGG
Toe: TGAGACCCGTTTCTCAT
T_melt (toe): 46.1292096913
T_melt (full): 59.5388092808
T_misprime (max): 34.9756444215
Worst misprime sequence: TGAGACCCGTTAATCACTTGAGGCATA
Full: TGAGACCTCAGGTACTCTTTGATTCCC
Toe: TGAGACCTCAGGTACTC
T_melt (toe): 45.1478309971
T_melt (full): 57.4514321378
T_misprime (max): 32.440220146
Worst misprime sequence: TGAGACCTCAGAGCTTGTACGTCTCAC
Full: TGAGACCTTAGGCTTCAAACTACCACT
Toe: TGAGACCTTAGGCTTCA
T_melt (toe): 45.2070315387
T_melt (full): 57.3333507424
T_misprime (max): 34.2547053687
Worst misprime sequence: TGAGACCATAGGCATACAAACCGGCTA
Full: TGAGACCCACAATAACCATAGACCGGC
Toe: TGAGACCCACAATAACC
T_melt (toe): 44.395946357
T_melt (full): 60.0663102173
T_misprime (max): 34.4491872528
Worst misprime sequence: TGAGACCTACTAGACCGGGTATGGCCG
Full: TGAGACCAGGACATAAGTCAACACCTC
Toe: TGAGACCAGGACATAAG
T_melt (toe): 43.3807999367
T_melt (full): 57.8960865449
T_misprime (max): 32.3709115544
Worst misprime sequence: TGAGACCAGGTCTCAATTGCAAAACTG
Full: TGAGACCTCCTATGGATAAAGGACTGC
Toe: TGAGACCTCCTATGGAT
T_melt (toe): 43.6480119777
T_melt (full): 57.3415689265
T_misprime (max): 32.7812706394
Worst misprime sequence: TGAGACCTCCTGGTAGTTCTCAGTCGA
Full: TGAGACCCTCTCGTAAATACGCACATC
Toe: TGAGACCCTCTCGTAAA
T_melt (toe): 45.0110518341
T_melt (full): 58.3537646303
T_misprime (max): 32.8993944348
Worst misprime sequence: TGAGACCCTCTCACATCCAACATACCT
Full: TGAGACCGGGTTAGTACCTGTCTCATT
Toe: TGAGACCGGGTTAGTAC
T_melt (toe): 46.0379794038
T_melt (full): 58.5684715946
T_misprime (max): 33.9812896986
Worst misprime sequence: TGAGACCAGAGTACCTGTTCGACAAGA
Full: TGAGACCTAGCTGTACCTCGCTTTTTT
Toe: TGAGACCTAGCTGTACC
T_melt (toe): 45.613017206
T_melt (full): 58.1123900793
T_misprime (max): 33.9336403472
Worst misprime sequence: TGAGACCTAGCATTCCTTGCCTGTATT
Full: TGAGACCTCAATCGATTCGAATAGCCG
Toe: TGAGACCTCAATCGATT
T_melt (toe): 43.3807999367
T_melt (full): 58.6725387498
T_misprime (max): 32.4997644666
Worst misprime sequence: TGAGACCGAACAAGATTCGATAGCCTA
Full: TGAGACCGCTAAGCTAGCATCATACCT
Toe: TGAGACCGCTAAGCTAG
T_melt (toe): 46.6950787949
T_melt (full): 59.0063910403
T_misprime (max): 32.9349717942
Worst misprime sequence: TGAGACCGCTTTCAAAGAACGGAGAGG
Full: TGAGACCTGAGGAACTTATGGTACGCA
Toe: TGAGACCTGAGGAACTT
T_melt (toe): 45.0802301187
T_melt (full): 59.0581147519
T_misprime (max): 33.2793262834
Worst misprime sequence: TGAGACCAGAGGAATGAATTAGCAGCA
Full: TGAGACCGTGACACTACTGGGACCTCT
Toe: TGAGACCGTGACACTAC
T_melt (toe): 46.920408241
T_melt (full): 61.7161807219
T_misprime (max): 34.3887832328
Worst misprime sequence: TGAGACCGTGTAATAGCGCCAATTTTT
Full: TGAGACCACATTTCCTTTCGCTTCGAA
Toe: TGAGACCACATTTCCTT
T_melt (toe): 43.6837921533
T_melt (full): 59.022442224
T_misprime (max): 30.0811567949
Worst misprime sequence: TGAGACCACACTCCAATATAGGTGGGG
Full: TGAGACCTAAACCCGACTGTTGCTAGA
Toe: TGAGACCTAAACCCGAC
T_melt (toe): 46.7232376078
T_melt (full): 59.0052676852
T_misprime (max): 28.7447870256
Worst misprime sequence: TGAGACCTCACGACTATTGAGGTCTCG
Full: TGAGACCCCTACCAAATCTCAACATCA
Toe: TGAGACCCCTACCAAAT
T_melt (toe): 44.9753779729
T_melt (full): 57.3742682622
T_misprime (max): 31.938261501
Worst misprime sequence: TGAGACCCCAATACCAATGCTTTTGCT
Full: TGAGACCTAGTGGGTACAGAGTCGGCG
Toe: TGAGACCTAGTGGGTAC
T_melt (toe): 45.0796938298
T_melt (full): 62.5215618092
T_misprime (max): 33.7492601226
Worst misprime sequence: TGAGACCTAAAGTGGGTCAGGTTTTGC
Full: TGAGACCCTCTCACATCCAACATACCT
Toe: TGAGACCCTCTCACATC
T_melt (toe): 45.9211626514
T_melt (full): 58.5551584579
T_misprime (max): 32.8993944348
Worst misprime sequence: TGAGACCCTCTCGTAAATACGCACATC
Full: TGAGACCCCTTCATCTCGAAGCTTCTC
Toe: TGAGACCCCTTCATCTC
T_melt (toe): 45.8132786501
T_melt (full): 59.5928751292
T_misprime (max): 33.0830779841
Worst misprime sequence: TGAGACCCCTACAATCGTCAAGGAGAC
Full: TGAGACCTATAGACGGCACCAGGGGAG
Toe: TGAGACCTATAGACGGC
T_melt (toe): 45.9114766587
T_melt (full): 62.1400308456
T_misprime (max): 34.2148177866
Worst misprime sequence: TGAGACCTATGGAACCATGGGACTTAG
Full: TGAGACCGAAGTGAGTCGGTCATATCC
Toe: TGAGACCGAAGTGAGTC
T_melt (toe): 46.8814375938
T_melt (full): 59.4405828095
T_misprime (max): 33.0112790648
Worst misprime sequence: TGAGACCGAATGTGGTAGACGGAAAGT
Full: TGAGACCAGAGGAATGAATTAGCAGCA
Toe: TGAGACCAGAGGAATGA
T_melt (toe): 44.8139074963
T_melt (full): 57.9347306942
T_misprime (max): 33.2793262834
Worst misprime sequence: TGAGACCTGAGGAACTTATGGTACGCA
Full: TGAGACCTGTACTAGGGTCCTCTAGGG
Toe: TGAGACCTGTACTAGGG
T_melt (toe): 44.689397084
T_melt (full): 59.0922269791
T_misprime (max): 33.1720708241
Worst misprime sequence: TGAGACCCAGGACCTATACTAGGGGGC
Full: TGAGACCCCCTATCACATAAGTGAGAC
Toe: TGAGACCCCCTATCACA
T_melt (toe): 46.8830564304
T_melt (full): 57.0740716573
T_misprime (max): 34.499423059
Worst misprime sequence: TGAGACCCCCTAGGTAAGATATGCGAA
Full: TGAGACCAGAGACTGTGTCCCTACCTA
Toe: TGAGACCAGAGACTGTG
T_melt (toe): 46.296521775
T_melt (full): 59.2017572073
T_misprime (max): 34.2864003862
Worst misprime sequence: TGAGACCAGAGTTCGTATGCGAGATGA
Full: TGAGACCTCTCTGTTCCCTGTGAGCAG
Toe: TGAGACCTCTCTGTTCC
T_melt (toe): 45.8413344664
T_melt (full): 61.07032109
T_misprime (max): 34.0654634931
Worst misprime sequence: TGAGACCTCTCTCTCACAGCATATTCC
Full: TGAGACCTGAACAAAGCGGAACATTCA
Toe: TGAGACCTGAACAAAGC
T_melt (toe): 45.6497927667
T_melt (full): 58.9629193893
T_misprime (max): 31.303495377
Worst misprime sequence: TGAGACCTGAGGAACTTATGGTACGCA
Full: TGAGACCTAGGTATCGGTGGGGTAGAA
Toe: TGAGACCTAGGTATCGG
T_melt (toe): 44.999772665
T_melt (full): 59.3079671362
T_misprime (max): 32.994515726
Worst misprime sequence: TGAGACCTAGGATCAGGCATTTAAGCA
Full: TGAGACCCATATGCCTGCACTAAGTTA
Toe: TGAGACCCATATGCCTG
T_melt (toe): 46.7115080788
T_melt (full): 57.4978965761
T_misprime (max): 33.1560415251
Worst misprime sequence: TGAGACCATATGCCTACTTGTGACGAT
Full: TGAGACCAAATGACCACCCAATGCTAG
Toe: TGAGACCAAATGACCAC
T_melt (toe): 45.2032026646
T_melt (full): 58.8474645375
T_misprime (max): 34.1255887776
Worst misprime sequence: TGAGACCAAATGCGTTATCGATTCTGG
Full: TGAGACCAAAGAGTACCATGGATCTCC
Toe: TGAGACCAAAGAGTACC
T_melt (toe): 43.6936550601
T_melt (full): 57.5043434638
T_misprime (max): 32.6737931615
Worst misprime sequence: TGAGACCAGAGTACCTGTTCGACAAGA
Full: TGAGACCACAACTGTTAACCGATTGCA
Toe: TGAGACCACAACTGTTA
T_melt (toe): 43.4350001931
T_melt (full): 58.9652245156
T_misprime (max): 28.8738546394
Worst misprime sequence: TGAGACCACAAACACTCAGACTACGGT
Full: TGAGACCAGGAAGGTAGCTCATAGACG
Toe: TGAGACCAGGAAGGTAG
T_melt (toe): 45.3893069382
T_melt (full): 58.959445295
T_misprime (max): 32.8068252968
Worst misprime sequence: TGAGACCAGAAAGGAAACTGCTACCAG
Full: TGAGACCAATTCAAGCGTCAGAGACTG
Toe: TGAGACCAATTCAAGCG
T_melt (toe): 46.2863266349
T_melt (full): 58.8718507699
T_misprime (max): 33.5826384815
Worst misprime sequence: TGAGACCATCACAGAGACTGAAGACGT
Full: TGAGACCAGGGTAAGTGCACATCGATA
Toe: TGAGACCAGGGTAAGTG
T_melt (toe): 46.1292096913
T_melt (full): 59.1109786376
T_misprime (max): 34.0153256734
Worst misprime sequence: TGAGACCATTGGATTGTGCACAGCTAC
Full: TGAGACCGCTCATTTATTTAGGCGTAC
Toe: TGAGACCGCTCATTTAT
T_melt (toe): 43.8520779261
T_melt (full): 57.265507587
T_misprime (max): 32.4366963219
Worst misprime sequence: TGAGACCGCTACTAACTGTGCCAATTC
Full: TGAGACCGATGTTTCTCACCCAGAGAG
Toe: TGAGACCGATGTTTCTC
T_melt (toe): 44.8108284697
T_melt (full): 59.5406402524
T_misprime (max): 30.7190874375
Worst misprime sequence: TGAGACCCGTTTCTCATCACCTACTGG
Full: TGAGACCTGGATTACCCCTCAATACCG
Toe: TGAGACCTGGATTACCC
T_melt (toe): 45.7477612484
T_melt (full): 59.1584767143
T_misprime (max): 32.9990228189
Worst misprime sequence: TGAGACCAGGTCTCAATTGCAAAACTG
Full: TGAGACCAGACGATTTCAACCTACTCT
Toe: TGAGACCAGACGATTTC
T_melt (toe): 44.8108284697
T_melt (full): 57.1985830246
T_misprime (max): 30.3676505758
Worst misprime sequence: TGAGACCTGACGTGTTTAACAATCGTC
Full: TGAGACCCAGTAGAGAGCAGCGAATAA
Toe: TGAGACCCAGTAGAGAG
T_melt (toe): 44.7595411212
T_melt (full): 58.9014586577
T_misprime (max): 32.3709115544
Worst misprime sequence: TGAGACCCAGAGGTTACTCATGAGCTG
Full: TGAGACCCAGAGGTTACTCATGAGCTG
Toe: TGAGACCCAGAGGTTAC
T_melt (toe): 45.776454426
T_melt (full): 59.3242440461
T_misprime (max): 32.3709115544
Worst misprime sequence: TGAGACCCAGTAGAGAGCAGCGAATAA
Full: TGAGACCAGATGTGGTATTAAGCGCAG
Toe: TGAGACCAGATGTGGTA
T_melt (toe): 44.860753912
T_melt (full): 58.762290935
T_misprime (max): 34.9661053594
Worst misprime sequence: TGAGACCTCAGCCTAGATGTGAGCGCT
Full: TGAGACCTTCCTGTTCTTACCTACGCC
Toe: TGAGACCTTCCTGTTCT
T_melt (toe): 45.0802301187
T_melt (full): 59.5397260688
T_misprime (max): 30.373780192
Worst misprime sequence: TGAGACCTCTCTGTTCCCTGTGAGCAG
Full: TGAGACCATTAACAGGCTCGAACTGAG
Toe: TGAGACCATTAACAGGC
T_melt (toe): 44.932153699
T_melt (full): 58.4457523434
T_misprime (max): 32.2026982138
Worst misprime sequence: TGAGACCACTAACTCGGCCCTCTCTAA
Full: TGAGACCAGAGTTCGTATGCGAGATGA
Toe: TGAGACCAGAGTTCGTA
T_melt (toe): 45.1246742565
T_melt (full): 59.1777826186
T_misprime (max): 34.9043198085
Worst misprime sequence: TGAGACCAGGAAACAAGATATGCGAGA
Full: TGAGACCTTCTGAAGGTAGATCGCTAC
Toe: TGAGACCTTCTGAAGGT
T_melt (toe): 45.0802301187
T_melt (full): 57.3859349667
T_misprime (max): 31.940436965
Worst misprime sequence: TGAGACCTTAGAAGGGGTTGAAGCAAT
Full: TGAGACCTTCTTCGAGACGATTATCGC
Toe: TGAGACCTTCTTCGAGA
T_melt (toe): 45.0794301164
T_melt (full): 58.4210969214
T_misprime (max): 30.5729874322
Worst misprime sequence: TGAGACCTTAGCACTAGACGGATCGAA
Full: TGAGACCTGGAGTAGTGTGGTGAGCCA
Toe: TGAGACCTGGAGTAGTG
T_melt (toe): 45.5004017329
T_melt (full): 62.1484983881
T_misprime (max): 32.9990228189
Worst misprime sequence: TGAGACCAGGTCTCAATTGCAAAACTG
Full: TGAGACCTATGGAACCATGGGACTTAG
Toe: TGAGACCTATGGAACCA
T_melt (toe): 44.7430983022
T_melt (full): 57.276059755
T_misprime (max): 34.2148177866
Worst misprime sequence: TGAGACCTATAGACGGCACCAGGGGAG
Full: TGAGACCGATACTGGTTCGAAGGATTG
Toe: TGAGACCGATACTGGTT
T_melt (toe): 45.4339459845
T_melt (full): 58.2906032545
T_misprime (max): 31.97576366
Worst misprime sequence: TGAGACCGCTACTAACTGTGCCAATTC
Full: TGAGACCATACACTCGAGAAAAGCAGG
Toe: TGAGACCATACACTCGA
T_melt (toe): 45.2041441086
T_melt (full): 58.4457523434
T_misprime (max): 32.1930418022
Worst misprime sequence: TGAGACCCTAACTCGAAAAGCAATTGC
Full: TGAGACCCAGGACCTATACTAGGGGGC
Toe: TGAGACCCAGGACCTAT
T_melt (toe): 46.479785519
T_melt (full): 61.4710978322
T_misprime (max): 33.6093971158
Worst misprime sequence: TGAGACCCTAGACCGTAGTACTAGGCC
Full: TGAGACCGTGTAATAGCGCCAATTTTT
Toe: TGAGACCGTGTAATAGC
T_melt (toe): 44.5884446378
T_melt (full): 57.7683697664
T_misprime (max): 34.3887832328
Worst misprime sequence: TGAGACCGTGACACTACTGGGACCTCT
Full: TGAGACCAATTTACGGGACAATAACGC
Toe: TGAGACCAATTTACGGG
T_melt (toe): 44.9775331548
T_melt (full): 57.834613742
T_misprime (max): 32.7981743869
Worst misprime sequence: TGAGACCCAGCAAATTTACGGAGACAC
Full: TGAGACCAAATGCGTTATCGATTCTGG
Toe: TGAGACCAAATGCGTTA
T_melt (toe): 44.9100295872
T_melt (full): 57.6799532558
T_misprime (max): 34.1255887776
Worst misprime sequence: TGAGACCAAATGACCACCCAATGCTAG
Full: TGAGACCAAGCACATCAACTACGGACC
Toe: TGAGACCAAGCACATCA
T_melt (toe): 46.8320705656
T_melt (full): 60.4331562529
T_misprime (max): 31.7285270393
Worst misprime sequence: TGAGACCACAAACACTCAGACTACGGT
Full: TGAGACCGGATCTAAGCTCTAGACTCA
Toe: TGAGACCGGATCTAAGC
T_melt (toe): 46.5950910861
T_melt (full): 57.7749407663
T_misprime (max): 33.3356441097
Worst misprime sequence: TGAGACCGGATATCCAATCTTCTGACG
Full: TGAGACCCCTTACCTACATATAAGCGG
Toe: TGAGACCCCTTACCTAC
T_melt (toe): 44.9647490812
T_melt (full): 57.1900009726
T_misprime (max): 32.3785045032
Worst misprime sequence: TGAGACCCCTTCATCTCGAAGCTTCTC
Full: TGAGACCTTAGACCACACGTCTTTACC
Toe: TGAGACCTTAGACCACA
T_melt (toe): 44.7799989929
T_melt (full): 57.9144588247
T_misprime (max): 34.7732480459
Worst misprime sequence: TGAGACCTTACGTACCACATGAATCGC
Full: TGAGACCTCGAAGCTATATGAGCGGAG
Toe: TGAGACCTCGAAGCTAT
T_melt (toe): 45.2276254126
T_melt (full): 59.3375513463
T_misprime (max): 32.8031939724
Worst misprime sequence: TGAGACCTCAGCCTAGATGTGAGCGCT
Full: TGAGACCTCTGATTGGACAATCGCAAT
Toe: TGAGACCTCTGATTGGA
T_melt (toe): 44.8139074963
T_melt (full): 58.4267314064
T_misprime (max): 30.6287696005
Worst misprime sequence: TGAGACCTTCTGAAGGTAGATCGCTAC
Full: TGAGACCCCCCTACTATTACCACCCAT
Toe: TGAGACCCCCCTACTAT
T_melt (toe): 45.6511380875
T_melt (full): 59.5133600776
T_misprime (max): 33.8223491582
Worst misprime sequence: TGAGACCCACCTAGTACGACTAGTACC
Full: TGAGACCAGGAAACAAGATATGCGAGA
Toe: TGAGACCAGGAAACAAG
T_melt (toe): 44.7394705958
T_melt (full): 57.7361457861
T_misprime (max): 34.9043198085
Worst misprime sequence: TGAGACCAGAGTTCGTATGCGAGATGA
Full: TGAGACCTTCGTAGTACAAAGGCGTAG
Toe: TGAGACCTTCGTAGTAC
T_melt (toe): 43.3669330504
T_melt (full): 58.0420544614
T_misprime (max): 33.0057446232
Worst misprime sequence: TGAGACCCTAGACCGTAGTACTAGGCC
Full: TGAGACCTTCACTACACCTACCTCCGG
Toe: TGAGACCTTCACTACAC
T_melt (toe): 43.8163469165
T_melt (full): 60.4368504381
T_misprime (max): 30.1805972625
Worst misprime sequence: TGAGACCGTGACACTACTGGGACCTCT
Full: TGAGACCATCCCCTATCAGTAGGAGTA
Toe: TGAGACCATCCCCTATC
T_melt (toe): 45.0802301187
T_melt (full): 57.0131178605
T_misprime (max): 31.6319035025
Worst misprime sequence: TGAGACCGTCTCAGTATGGAGTTCCTG
Full: TGAGACCAGTGACTAAGTGTTACCCCC
Toe: TGAGACCAGTGACTAAG
T_melt (toe): 43.4274764986
T_melt (full): 59.2130501178
T_misprime (max): 33.475396484
Worst misprime sequence: TGAGACCAGAGACTGTGTCCCTACCTA
Full: TGAGACCGTATTTCTGTGTTTCGTCTC
Toe: TGAGACCGTATTTCTGT
T_melt (toe): 43.3520746486
T_melt (full): 57.1212412334
T_misprime (max): 34.2428444053
Worst misprime sequence: TGAGACCGTAGTTCAATCGTTGCATTT
Full: TGAGACCATCACAGAGACTGAAGACGT
Toe: TGAGACCATCACAGAGA
T_melt (toe): 44.9304905133
T_melt (full): 59.0119758329
T_misprime (max): 33.5826384815
Worst misprime sequence: TGAGACCAATTCAAGCGTCAGAGACTG
Full: TGAGACCTTGTTGAGAGTGACTGAGGC
Toe: TGAGACCTTGTTGAGAG
T_melt (toe): 44.1191475048
T_melt (full): 59.9092397152
T_misprime (max): 31.3746924561
Worst misprime sequence: TGAGACCCGTTGAGTACATAGGCTACA
Full: TGAGACCTTACGTACCACATGAATCGC
Toe: TGAGACCTTACGTACCA
T_melt (toe): 45.0567059401
T_melt (full): 58.7735528964
T_misprime (max): 34.7732480459
Worst misprime sequence: TGAGACCTTAGACCACACGTCTTTACC
Full: TGAGACCGAACTATGACTCTCAAACCT
Toe: TGAGACCGAACTATGAC
T_melt (toe): 44.1290167033
T_melt (full): 57.1985830246
T_misprime (max): 34.7118201354
Worst misprime sequence: TGAGACCGAACAAGATTCGATAGCCTA
Full: TGAGACCCATCTTCATCATGTAGCGAA
Toe: TGAGACCCATCTTCATC
T_melt (toe): 43.8029364132
T_melt (full): 57.7887156546
T_misprime (max): 34.8228620495
Worst misprime sequence: TGAGACCCATCTAAGGGTTTTGCACAA
Full: TGAGACCCGACCAAAATCGCTATAGGT
Toe: TGAGACCCGACCAAAAT
T_melt (toe): 46.7614996196
T_melt (full): 59.3774756914
T_misprime (max): 31.3662951451
Worst misprime sequence: TGAGACCCCTACCAAATCTCAACATCA
Full: TGAGACCTCTCTCTCACAGCATATTCC
Toe: TGAGACCTCTCTCTCAC
T_melt (toe): 45.21535615
T_melt (full): 57.3632541398
T_misprime (max): 34.0654634931
Worst misprime sequence: TGAGACCTCTCTGTTCCCTGTGAGCAG
Full: TGAGACCGAAATACTGACCGCCATTAA
Toe: TGAGACCGAAATACTGA
T_melt (toe): 43.0101524835
T_melt (full): 58.2248313564
T_misprime (max): 32.6127601471
Worst misprime sequence: TGAGACCAAATGACCACCCAATGCTAG
Full: TGAGACCATAGGCATACAAACCGGCTA
Toe: TGAGACCATAGGCATAC
T_melt (toe): 43.5771668744
T_melt (full): 59.3740039499
T_misprime (max): 34.589776954
Worst misprime sequence: TGAGACCATATGCCTACTTGTGACGAT
Full: TGAGACCCGTTGAGTACATAGGCTACA
Toe: TGAGACCCGTTGAGTAC
T_melt (toe): 46.8225503171
T_melt (full): 58.6321111091
T_misprime (max): 34.0517897902
Worst misprime sequence: TGAGACCCGTTAATCACTTGAGGCATA
Full: TGAGACCCTACTCAGAGAGAGTGGTTA
Toe: TGAGACCCTACTCAGAG
T_melt (toe): 44.7595411212
T_melt (full): 57.3715455158
T_misprime (max): 32.3382671556
Worst misprime sequence: TGAGACCAGAGAGAGAGGCAACAATTC
Full: TGAGACCAAGAGTTAGCGAACACAGAT
Toe: TGAGACCAAGAGTTAGC
T_melt (toe): 44.2336651895
T_melt (full): 57.9069296318
T_misprime (max): 29.160142655
Worst misprime sequence: TGAGACCAATTCAAGCGTCAGAGACTG
Full: TGAGACCTATCCCTTCCGGCTAACTAG
Toe: TGAGACCTATCCCTTCC
T_melt (toe): 44.9992343554
T_melt (full): 58.5200955594
T_misprime (max): 29.6657163187
Worst misprime sequence: TGAGACCTACCTTACCAGCTACACCTA
Full: TGAGACCAGAAAGGAAACTGCTACCAG
Toe: TGAGACCAGAAAGGAAA
T_melt (toe): 43.2563727997
T_melt (full): 58.3215560426
T_misprime (max): 32.8068252968
Worst misprime sequence: TGAGACCAGGAAGGTAGCTCATAGACG
Full: TGAGACCATACCGGTTACACAAAGGTC
Toe: TGAGACCATACCGGTTA
T_melt (toe): 45.0224393204
T_melt (full): 58.3835564796
T_misprime (max): 31.4527867525
Worst misprime sequence: TGAGACCGATACTGGTTCGAAGGATTG
Full: TGAGACCTACGATCGATGCAGGTTATT
Toe: TGAGACCTACGATCGAT
T_melt (toe): 45.1129427985
T_melt (full): 57.6431575591
T_misprime (max): 29.6456171583
Worst misprime sequence: TGAGACCTAGGATCAGGCATTTAAGCA
Full: TGAGACCACTAACTCGGCCCTCTCTAA
Toe: TGAGACCACTAACTCGG
T_melt (toe): 46.4473296523
T_melt (full): 59.9582328852
T_misprime (max): 34.2951612721
Worst misprime sequence: TGAGACCCTAACTCGAAAAGCAATTGC
Full: TGAGACCTAGAAAACGCCCACTACAGA
Toe: TGAGACCTAGAAAACGC
T_melt (toe): 45.189449088
T_melt (full): 59.0052676852
T_misprime (max): 30.1775888535
Worst misprime sequence: TGAGACCTGGTGAGAAACGGCTTAGAT
Full: TGAGACCAGTAGCAGATGTTTCGATGG
Toe: TGAGACCAGTAGCAGAT
T_melt (toe): 44.9994157902
T_melt (full): 58.4977982502
T_misprime (max): 33.5147802386
Worst misprime sequence: TGAGACCAGTAGGACAATTCCTCTCGG
Full: TGAGACCAGCCTTCTATGGTCTCACTG
Toe: TGAGACCAGCCTTCTAT
T_melt (toe): 44.8832411989
T_melt (full): 59.3242440461
T_misprime (max): 34.0121447543
Worst misprime sequence: TGAGACCTTAGAAGGGGTTGAAGCAAT
Full: TGAGACCCTAACTCGAAAAGCAATTGC
Toe: TGAGACCCTAACTCGAA
T_melt (toe): 45.0110518341
T_melt (full): 57.9842762848
T_misprime (max): 34.2951612721
Worst misprime sequence: TGAGACCACTAACTCGGCCCTCTCTAA
Full: TGAGACCCCGATAATCAAATACTGCGC
Toe: TGAGACCCCGATAATCA
T_melt (toe): 45.0569835945
T_melt (full): 59.0791954172
T_misprime (max): 30.5549656971
Worst misprime sequence: TGAGACCCCTACAATCGTCAAGGAGAC
Full: TGAGACCTAGGATCAGGCATTTAAGCA
Toe: TGAGACCTAGGATCAGG
T_melt (toe): 44.7228351167
T_melt (full): 57.4927166824
T_misprime (max): 32.994515726
Worst misprime sequence: TGAGACCTAGGTATCGGTGGGGTAGAA
Full: TGAGACCGTTAGCTACTTATGACGGAG
Toe: TGAGACCGTTAGCTACT
T_melt (toe): 45.1929152575
T_melt (full): 57.6705600278
T_misprime (max): 33.7462880368
Worst misprime sequence: TGAGACCATATGCCTACTTGTGACGAT
Full: TGAGACCCGAAAGAACTTCGAGCAAAT
Toe: TGAGACCCGAAAGAACT
T_melt (toe): 46.0490889107
T_melt (full): 58.8097697327
T_misprime (max): 32.5945185887
Worst misprime sequence: TGAGACCCTTACCTTCGAGTTTTGACA
Full: TGAGACCTCAGCCTAGATGTGAGCGCT
Toe: TGAGACCTCAGCCTAGA
T_melt (toe): 46.6891612151
T_melt (full): 62.544865613
T_misprime (max): 34.9661053594
Worst misprime sequence: TGAGACCAGATGTGGTATTAAGCGCAG
Full: TGAGACCGGAGAAAAGTGGATACAGAG
Toe: TGAGACCGGAGAAAAGT
T_melt (toe): 46.0490889107
T_melt (full): 57.7465968773
T_misprime (max): 31.0965410127
Worst misprime sequence: TGAGACCTAGTGGGTACAGAGTCGGCG
Full: TGAGACCTCATGAGAGGCCTTCTTGTT
Toe: TGAGACCTCATGAGAGG
T_melt (toe): 45.5361767606
T_melt (full): 59.2079066268
T_misprime (max): 32.474932721
Worst misprime sequence: TGAGACCAGAGAGAGAGGCAACAATTC
Full: TGAGACCTGTCTGATCAGCTATTCCAA
Toe: TGAGACCTGTCTGATCA
T_melt (toe): 44.9304905133
T_melt (full): 57.2328786142
T_misprime (max): 32.0453202106
Worst misprime sequence: TGAGACCTCTCTGTTCCCTGTGAGCAG
Full: TGAGACCCGATGATGAGTAGGTAACCC
Toe: TGAGACCCGATGATGAG
T_melt (toe): 46.5648050597
T_melt (full): 58.9500836063
T_misprime (max): 32.8575995401
Worst misprime sequence: TGAGACCTTGATGATGCTGTAGACCCT
Full: TGAGACCGAGTTACAGATAACCTTCCC
Toe: TGAGACCGAGTTACAGA
T_melt (toe): 45.1246742565
T_melt (full): 57.5260332213
T_misprime (max): 28.7126534851
Worst misprime sequence: TGAGACCAAGGTACAGTAATTAGGCGC
Full: TGAGACCCTGAGCTAAAGAGAAGTAGC
Toe: TGAGACCCTGAGCTAAA
T_melt (toe): 45.2070315387
T_melt (full): 57.5285618894
T_misprime (max): 32.3709115544
Worst misprime sequence: TGAGACCCTGTATGACACACATAGCGA
Full: TGAGACCCTTAGGAGGTTAAGAACGCA
Toe: TGAGACCCTTAGGAGGT
T_melt (toe): 46.3971505779
T_melt (full): 58.9996185891
T_misprime (max): 34.27237777
Worst misprime sequence: TGAGACCCTTAGAGGACTAGAGTTCCC
Full: TGAGACCCTTACCTTCGAGTTTTGACA
Toe: TGAGACCCTTACCTTCG
T_melt (toe): 46.3448724676
T_melt (full): 57.7852867261
T_misprime (max): 33.3917200388
Worst misprime sequence: TGAGACCCATACCTCTGAGATACCAGG
Full: TGAGACCAGTATCTCCGCTCAGCTACT
Toe: TGAGACCAGTATCTCCG
T_melt (toe): 45.8004868033
T_melt (full): 60.0658076699
T_misprime (max): 34.0536720301
Worst misprime sequence: TGAGACCAGTAACCTCCAAGACTGACA
Full: TGAGACCCTTCCAGAATCTTCTAGCCG
Toe: TGAGACCCTTCCAGAAT
T_melt (toe): 45.045623043
T_melt (full): 59.3782431484
T_misprime (max): 30.7440063933
Worst misprime sequence: TGAGACCCGAAAGAACTTCGAGCAAAT
Full: TGAGACCACTACAAAGCAACTTGCATT
Toe: TGAGACCACTACAAAGC
T_melt (toe): 44.9665698238
T_melt (full): 57.5884245079
T_misprime (max): 30.9061930184
Worst misprime sequence: TGAGACCCCTACAATCGTCAAGGAGAC
Full: TGAGACCTTAGCACTAGACGGATCGAA
Toe: TGAGACCTTAGCACTAG
T_melt (toe): 43.1531638532
T_melt (full): 58.6984495051
T_misprime (max): 31.4028585336
Worst misprime sequence: TGAGACCGTTAGCTACTTATGACGGAG
Full: TGAGACCTACCAGTGTGAGTCCTCCAC
Toe: TGAGACCTACCAGTGTG
T_melt (toe): 46.2342486707
T_melt (full): 60.5962466751
T_misprime (max): 31.9078656643
Worst misprime sequence: TGAGACCTACCTTACCAGCTACACCTA
Full: TGAGACCAATCTGGGATCGTTAACAGC
Toe: TGAGACCAATCTGGGAT
T_melt (toe): 45.1272959805
T_melt (full): 58.7033561136
T_misprime (max): 30.967942589
Worst misprime sequence: TGAGACCAATCCGAAAGTAGCCAGGAT
Full: TGAGACCGTTTTAGCTGAAATACGCCT
Toe: TGAGACCGTTTTAGCTG
T_melt (toe): 45.5333591665
T_melt (full): 58.6540340439
T_misprime (max): 32.4744632399
Worst misprime sequence: TGAGACCGTTAGCTACTTATGACGGAG
Full: TGAGACCCAAATTCAGAGACGCATTAG
Toe: TGAGACCCAAATTCAGA
T_melt (toe): 43.3367407143
T_melt (full): 57.1341637633
T_misprime (max): 31.3016860494
Worst misprime sequence: TGAGACCCAAATGATCGGCTGCTAGAG
Full: TGAGACCAGATAGAGGGACCAACTACA
Toe: TGAGACCAGATAGAGGG
T_melt (toe): 44.7228351167
T_melt (full): 57.8516611667
T_misprime (max): 34.05829929
Worst misprime sequence: TGAGACCAGAGAGAGAGGCAACAATTC
Full: TGAGACCAGCAAGATTATTTGCCGTTA
Toe: TGAGACCAGCAAGATTA
T_melt (toe): 43.1863530041
T_melt (full): 57.0601952881
T_misprime (max): 32.7315400959
Worst misprime sequence: TGAGACCATTGAAGTCAAATTTGCCGT
Full: TGAGACCCCCTAGGTAAGATATGCGAA
Toe: TGAGACCCCCTAGGTAA
T_melt (toe): 45.9789936256
T_melt (full): 58.2356372168
T_misprime (max): 34.499423059
Worst misprime sequence: TGAGACCCCCTATCACATAAGTGAGAC
Full: TGAGACCGATATCGTCTGCATGGTAGT
Toe: TGAGACCGATATCGTCT
T_melt (toe): 45.1129427985
T_melt (full): 59.0141949376
T_misprime (max): 31.0504895789
Worst misprime sequence: TGAGACCGATTCTATGCAAAGGCAGTA
Full: TGAGACCAACATCCATTTAACGCAACA
Toe: TGAGACCAACATCCATT
T_melt (toe): 43.7642481974
T_melt (full): 57.6503634854
T_misprime (max): 31.7831109911
Worst misprime sequence: TGAGACCTAACAGAGCCATTTTCGCAG
Full: TGAGACCAATCCGAAAGTAGCCAGGAT
Toe: TGAGACCAATCCGAAAG
T_melt (toe): 45.0450982436
T_melt (full): 59.3176401296
T_misprime (max): 32.569567805
Worst misprime sequence: TGAGACCCATCCGATAATAGACAAGCA
Full: TGAGACCCTGTATGACACACATAGCGA
Toe: TGAGACCCTGTATGACA
T_melt (toe): 44.860753912
T_melt (full): 59.1160735912
T_misprime (max): 32.3709115544
Worst misprime sequence: TGAGACCCTGAGCTAAAGAGAAGTAGC
Full: TGAGACCTTGATGATGCTGTAGACCCT
Toe: TGAGACCTTGATGATGC
T_melt (toe): 45.0789113104
T_melt (full): 58.8313495838
T_misprime (max): 32.8575995401
Worst misprime sequence: TGAGACCCGATGATGAGTAGGTAACCC
Full: TGAGACCACATGTAACGATAAGGCCTA
Toe: TGAGACCACATGTAACG
T_melt (toe): 45.2004390564
T_melt (full): 57.3010976093
T_misprime (max): 31.8101381419
Worst misprime sequence: TGAGACCTCATGAGAGGCCTTCTTGTT
Full: TGAGACCAGTAGGACAATTCCTCTCGG
Toe: TGAGACCAGTAGGACAA
T_melt (toe): 44.7799989929
T_melt (full): 59.1135321806
T_misprime (max): 33.5147802386
Worst misprime sequence: TGAGACCAGTAGCAGATGTTTCGATGG
Full: TGAGACCGGATATCCAATCTTCTGACG
Toe: TGAGACCGGATATCCAA
T_melt (toe): 45.0569835945
T_melt (full): 57.9176703967
T_misprime (max): 33.3356441097
Worst misprime sequence: TGAGACCGGATCTAAGCTCTAGACTCA
Sequences generated: 200
