Full: TTTTCATAGGGGGATAATCCGGTCTCA
Toe: GGGATAATCCGGTCTCA
T_melt (toe): 46.0490889107
T_melt (full): 57.0362535533
T_misprime (max): 31.0415092184
Worst misprime sequence: TCGATCAAGTGAACCTTACCGGTCTCA
Full: TATGCAACTGCTAGACCGTAGGTCTCA
Toe: CTAGACCGTAGGTCTCA
T_melt (toe): 45.0338903853
T_melt (full): 58.9038967569
T_misprime (max): 30.2526216505
Worst misprime sequence: ACTGCTAGTAGATACCCTGAGGTCTCA
Full: GCTCCTAGCCCTAACACCTGGGTCTCA
Toe: CTAACACCTGGGTCTCA
T_melt (toe): 46.1292096913
T_melt (full): 62.5206039074
T_misprime (max): 33.2477111556
Worst misprime sequence: GGAAGAGCGAATCTTAGCTGGGTCTCA
Full: CAGTTAGGCATATCTAGCCCGGTCTCA
Toe: TATCTAGCCCGGTCTCA
T_melt (toe): 46.9230846997
T_melt (full): 59.2731490265
T_misprime (max): 34.0105617831
Worst misprime sequence: TTTCCGAATGTACTAGCCGAGGTCTCA
Full: CATCGCCATAATCATTATGCGGTCTCA
Toe: ATCATTATGCGGTCTCA
T_melt (toe): 43.9313487829
T_melt (full): 57.6248458898
T_misprime (max): 33.9456541413
Worst misprime sequence: TCGCCGTAAATTATGCTCTTGGTCTCA
Full: AGTAGTGGGTTGGTTTTAGCGGTCTCA
Toe: TGGTTTTAGCGGTCTCA
T_melt (toe): 46.9019032802
T_melt (full): 59.6408037169
T_misprime (max): 33.7912091619
Worst misprime sequence: CTAGCATAGCTGTTTTAGCCGGTCTCA
Full: CAGTAGTCTCCTACCACAGTGGTCTCA
Toe: CTACCACAGTGGTCTCA
T_melt (toe): 46.2342486707
T_melt (full): 58.5808042422
T_misprime (max): 33.4202368539
Worst misprime sequence: ATCCCGGGACCACAATACGTGGTCTCA
Full: TAAATCAAGCCCTTAGGGAAGGTCTCA
Toe: CCTTAGGGAAGGTCTCA
T_melt (toe): 45.2765181837
T_melt (full): 57.1419033456
T_misprime (max): 34.647167949
Worst misprime sequence: CTCCATTAAGCCTAGGGAATGGTCTCA
Full: TATGCACGATTTCCTAGGTTGGTCTCA
Toe: TTCCTAGGTTGGTCTCA
T_melt (toe): 44.6617535654
T_melt (full): 57.7291284442
T_misprime (max): 33.8869773765
Worst misprime sequence: GCTATAACACGATCCAGGTAGGTCTCA
Full: CCGACATTTTGCGTAAAAAAGGTCTCA
Toe: GCGTAAAAAAGGTCTCA
T_melt (toe): 43.77060204
T_melt (full): 57.0729089517
T_misprime (max): 29.8387980219
Worst misprime sequence: AGCGTTTTTGCGAGAGAATAGGTCTCA
Full: TTTACGCAACCTAACTGTGTGGTCTCA
Toe: CTAACTGTGTGGTCTCA
T_melt (toe): 44.1668986769
T_melt (full): 58.4914249304
T_misprime (max): 33.4420138759
Worst misprime sequence: GCTTGAATGCTTCTCTGAGTGGTCTCA
Full: CGCCTCTTTTGTCTGCTTATGGTCTCA
Toe: GTCTGCTTATGGTCTCA
T_melt (toe): 44.3123818882
T_melt (full): 59.1290966571
T_misprime (max): 32.4169713462
Worst misprime sequence: TTTACCTCTCCGATGCTTAAGGTCTCA
Full: CGATTGGTAGGACTGGCTATGGTCTCA
Toe: GACTGGCTATGGTCTCA
T_melt (toe): 46.3831449409
T_melt (full): 59.4324623806
T_misprime (max): 27.8045623568
Worst misprime sequence: CCGCTTTAGAAGGCTGATATGGTCTCA
Full: ATTATAGCGGTTCCTTCACAGGTCTCA
Toe: TTCCTTCACAGGTCTCA
T_melt (toe): 45.4832964447
T_melt (full): 57.5094787298
T_misprime (max): 31.6513647048
Worst misprime sequence: ATATCAATGCGAGGTTCCTAGGTCTCA
Full: GTACCTAGGCCTTAGATCCCGGTCTCA
Toe: CTTAGATCCCGGTCTCA
T_melt (toe): 45.6926686567
T_melt (full): 60.118412265
T_misprime (max): 32.2427494625
Worst misprime sequence: CAGTTAGGCATATCTAGCCCGGTCTCA
Full: TCGAATCGAGATGTGTACAGGGTCTCA
Toe: ATGTGTACAGGGTCTCA
T_melt (toe): 45.2070315387
T_melt (full): 58.9099516212
T_misprime (max): 31.7697162629
Worst misprime sequence: AGGCTATACGTGACCTACAGGGTCTCA
Full: GCGCAAAATTGCCAAACTTAGGTCTCA
Toe: GCCAAACTTAGGTCTCA
T_melt (toe): 44.8530676156
T_melt (full): 59.0848548339
T_misprime (max): 34.8747807848
Worst misprime sequence: GCAATTGAGGGCAAACTACAGGTCTCA
Full: TACACGTGAGGGTGGAAGAAGGTCTCA
Toe: GGTGGAAGAAGGTCTCA
T_melt (toe): 46.4707677786
T_melt (full): 60.5439989126
T_misprime (max): 28.554938887
Worst misprime sequence: AAGTAACCCCACGTGTGTTAGGTCTCA
Full: AGGCTATACGTGACCTACAGGGTCTCA
Toe: TGACCTACAGGGTCTCA
T_melt (toe): 46.9032290433
T_melt (full): 59.797714159
T_misprime (max): 32.051796632
Worst misprime sequence: ATTTGACTTCGACCCTGAAAGGTCTCA
Full: TGCAAACACATCGTTATGGAGGTCTCA
Toe: TCGTTATGGAGGTCTCA
T_melt (toe): 45.0910928782
T_melt (full): 58.5929499495
T_misprime (max): 33.6762544675
Worst misprime sequence: GGACTCTCATCTACTACGGAGGTCTCA
Full: GTGAATGCCTTTAGGTAGAGGGTCTCA
Toe: TTAGGTAGAGGGTCTCA
T_melt (toe): 43.1839243136
T_melt (full): 57.7232498432
T_misprime (max): 32.7812706394
Worst misprime sequence: CGCCCATATTAGTACCAGAGGGTCTCA
Full: TCCCGGTTAAGGGAAAGTTTGGTCTCA
Toe: GGGAAAGTTTGGTCTCA
T_melt (toe): 45.0111661069
T_melt (full): 59.5823400742
T_misprime (max): 30.1540184972
Worst misprime sequence: GAGTGGAGAAATTACGGTTTGGTCTCA
Full: GGACTCTCATCTACTACGGAGGTCTCA
Toe: CTACTACGGAGGTCTCA
T_melt (toe): 45.0338903853
T_melt (full): 58.0548616464
T_misprime (max): 33.6762544675
Worst misprime sequence: TGCAAACACATCGTTATGGAGGTCTCA
Full: GCGAAACGAAGGTTTAAGGAGGTCTCA
Toe: GGTTTAAGGAGGTCTCA
T_melt (toe): 43.5691098401
T_melt (full): 59.0807446697
T_misprime (max): 32.5957786601
Worst misprime sequence: CAATCGCAATAGGTACAGGAGGTCTCA
Full: CAAGAGGTAGATTGGGTGTAGGTCTCA
Toe: ATTGGGTGTAGGTCTCA
T_melt (toe): 45.0920936856
T_melt (full): 57.2371291619
T_misprime (max): 33.1879001482
Worst misprime sequence: GCTAGAGGTGGATATGGGAGGGTCTCA
Full: GCTTGAATGCTTCTCTGAGTGGTCTCA
Toe: TTCTCTGAGTGGTCTCA
T_melt (toe): 44.8500854074
T_melt (full): 58.8631998523
T_misprime (max): 33.4420138759
Worst misprime sequence: TTTACGCAACCTAACTGTGTGGTCTCA
Full: AAGTAGGGGTCTAGCTTCCAGGTCTCA
Toe: CTAGCTTCCAGGTCTCA
T_melt (toe): 45.9211626514
T_melt (full): 59.6845292181
T_misprime (max): 33.9263852088
Worst misprime sequence: CGTATATCTCGTCAAGTAGGGGTCTCA
Full: GATTGCCTGATCGATGTAAGGGTCTCA
Toe: TCGATGTAAGGGTCTCA
T_melt (toe): 45.0910928782
T_melt (full): 58.3303723659
T_misprime (max): 30.6349186358
Worst misprime sequence: TTGTTAGAGCCGAGGTAAGAGGTCTCA
Full: ACCCTAGATGATCTATCACGGGTCTCA
Toe: ATCTATCACGGGTCTCA
T_melt (toe): 44.7697209413
T_melt (full): 57.8050222359
T_misprime (max): 32.7960486058
Worst misprime sequence: TGGTACCTCCACTACATACGGGTCTCA
Full: GCACGATCTAGATACAAAGCGGTCTCA
Toe: GATACAAAGCGGTCTCA
T_melt (toe): 45.2673022282
T_melt (full): 58.6210711859
T_misprime (max): 32.9349717942
Worst misprime sequence: AGTAGTGGGTTGGTTTTAGCGGTCTCA
Full: CTTTGTTTGCCTACCTCTACGGTCTCA
Toe: CTACCTCTACGGTCTCA
T_melt (toe): 45.0338903853
T_melt (full): 58.3886540215
T_misprime (max): 33.9924341154
Worst misprime sequence: AGAATGGGAGTTACTGCTACGGTCTCA
Full: TGTCTGGAGGCCCTCAAGTAGGTCTCA
Toe: CCCTCAAGTAGGTCTCA
T_melt (toe): 45.3893069382
T_melt (full): 61.7332667909
T_misprime (max): 32.9955182677
Worst misprime sequence: AAATGGAGGATCTCATGTTCGGTCTCA
Full: TCTAGGACGGCAGAACTGTTGGTCTCA
Toe: CAGAACTGTTGGTCTCA
T_melt (toe): 44.8540400533
T_melt (full): 60.806765434
T_misprime (max): 34.5042465244
Worst misprime sequence: GTTAACTGCCAGATCTGTACGGTCTCA
Full: TCGCATCTTTCTAGATACCGGGTCTCA
Toe: CTAGATACCGGGTCTCA
T_melt (toe): 44.999772665
T_melt (full): 58.7440297139
T_misprime (max): 34.5391826282
Worst misprime sequence: CGGGTTCATAGTCTTTACCGGGTCTCA
Full: CCGTACCAATGTTACAGCAAGGTCTCA
Toe: GTTACAGCAAGGTCTCA
T_melt (toe): 44.9665698238
T_melt (full): 58.8644426785
T_misprime (max): 34.7145812572
Worst misprime sequence: GTGTACTACGTAGCTAGCAAGGTCTCA
Full: TAGGACCGAGAGCATATCCTGGTCTCA
Toe: AGCATATCCTGGTCTCA
T_melt (toe): 44.9643726705
T_melt (full): 59.6360960873
T_misprime (max): 31.3860948869
Worst misprime sequence: CGCTTCCTAACTTAAAGCCTGGTCTCA
Full: GTAAGGGTATCTACCCCCTAGGTCTCA
Toe: CTACCCCCTAGGTCTCA
T_melt (toe): 46.6984984217
T_melt (full): 57.513683635
T_misprime (max): 32.3791330994
Worst misprime sequence: CCACTCTCCCCCTATAGTCGGGTCTCA
Full: AAAGAATCGCGAGTAAGGGAGGTCTCA
Toe: GAGTAAGGGAGGTCTCA
T_melt (toe): 45.0339249222
T_melt (full): 59.3271016821
T_misprime (max): 34.6108588477
Worst misprime sequence: AAGTTAGGCTTACTAGGGGAGGTCTCA
Full: TCACTACCTAGAAGGGTATCGGTCTCA
Toe: GAAGGGTATCGGTCTCA
T_melt (toe): 46.0751917315
T_melt (full): 57.4875167673
T_misprime (max): 32.9210140813
Worst misprime sequence: TGGTACTAGGGTATCGTTTCGGTCTCA
Full: CTACAGCGTTACTAAGCCTAGGTCTCA
Toe: ACTAAGCCTAGGTCTCA
T_melt (toe): 44.0935039679
T_melt (full): 57.3912187122
T_misprime (max): 32.2385266226
Worst misprime sequence: TTTCCGAATGTACTAGCCGAGGTCTCA
Full: ACCTTAGGATCGTACACTGAGGTCTCA
Toe: CGTACACTGAGGTCTCA
T_melt (toe): 46.5482808422
T_melt (full): 58.1445261229
T_misprime (max): 34.9677690731
Worst misprime sequence: ACTGCTAGTAGATACCCTGAGGTCTCA
Full: ATCCCGGGACCACAATACGTGGTCTCA
Toe: CACAATACGTGGTCTCA
T_melt (toe): 45.2004390564
T_melt (full): 62.7223429101
T_misprime (max): 33.4202368539
Worst misprime sequence: CAGTAGTCTCCTACCACAGTGGTCTCA
Full: TGCACGTTAAAGACAGTTGAGGTCTCA
Toe: AGACAGTTGAGGTCTCA
T_melt (toe): 45.1947061414
T_melt (full): 58.496209426
T_misprime (max): 29.4367875604
Worst misprime sequence: AGCCACTAACTCCTAGTTGTGGTCTCA
Full: ACTGCTAGTAGATACCCTGAGGTCTCA
Toe: GATACCCTGAGGTCTCA
T_melt (toe): 45.1142952259
T_melt (full): 57.4770564067
T_misprime (max): 34.9677690731
Worst misprime sequence: ACCTTAGGATCGTACACTGAGGTCTCA
Full: GAGTAGGCCAATCAGCACTAGGTCTCA
Toe: ATCAGCACTAGGTCTCA
T_melt (toe): 44.9994157902
T_melt (full): 59.3782431484
T_misprime (max): 30.5269199389
Worst misprime sequence: ATGAAGGCATCAGTTAACCAGGTCTCA
Full: AGCAACACCTCTTGTTAGTGGGTCTCA
Toe: CTTGTTAGTGGGTCTCA
T_melt (toe): 44.0469844808
T_melt (full): 59.5857978028
T_misprime (max): 33.6100477867
Worst misprime sequence: TGGTTACACTCTCTAGAGTGGGTCTCA
Full: CGACTTGACTAAACAGGTAGGGTCTCA
Toe: AAACAGGTAGGGTCTCA
T_melt (toe): 45.0107013
T_melt (full): 57.6989811804
T_misprime (max): 31.5372167753
Worst misprime sequence: AGGCACTATACAGGAGAAAGGGTCTCA
Full: TGGTACTAGGGTATCGTTTCGGTCTCA
Toe: GTATCGTTTCGGTCTCA
T_melt (toe): 45.0779068941
T_melt (full): 58.421700739
T_misprime (max): 33.9861461582
Worst misprime sequence: CAATGTCCTCGGGTAGTTACGGTCTCA
Full: GAACATCGATGAGATACCCAGGTCTCA
Toe: GAGATACCCAGGTCTCA
T_melt (toe): 45.1142952259
T_melt (full): 57.6383307874
T_misprime (max): 33.1395550056
Worst misprime sequence: ACTGCTAGTAGATACCCTGAGGTCTCA
Full: TGGTACCTCCACTACATACGGGTCTCA
Toe: ACTACATACGGGTCTCA
T_melt (toe): 44.73623045
T_melt (full): 59.7432925319
T_misprime (max): 32.7960486058
Worst misprime sequence: ACCCTAGATGATCTATCACGGGTCTCA
Full: GCCTCGATGATGGACATATGGGTCTCA
Toe: TGGACATATGGGTCTCA
T_melt (toe): 44.8244846903
T_melt (full): 59.7493584858
T_misprime (max): 30.4438227689
Worst misprime sequence: AGCAGCTATGGACATAGACAGGTCTCA
Full: CGCCCATATTAGTACCAGAGGGTCTCA
Toe: AGTACCAGAGGGTCTCA
T_melt (toe): 46.5032532625
T_melt (full): 59.0030145294
T_misprime (max): 32.7812706394
Worst misprime sequence: GTGAATGCCTTTAGGTAGAGGGTCTCA
Full: TATTCGATAGCAGAATCTCCGGTCTCA
Toe: CAGAATCTCCGGTCTCA
T_melt (toe): 46.4856476246
T_melt (full): 57.0004039295
T_misprime (max): 31.0518898656
Worst misprime sequence: CGAACGAATAGGAGTATACCGGTCTCA
Full: GGTAGATGTGTTGATTGTCCGGTCTCA
Toe: TTGATTGTCCGGTCTCA
T_melt (toe): 46.522177384
T_melt (full): 58.4408301855
T_misprime (max): 31.0415092184
Worst misprime sequence: TCGATCAAGTGAACCTTACCGGTCTCA
Full: GGCACTCTCATTAGCTTCTGGGTCTCA
Toe: TTAGCTTCTGGGTCTCA
T_melt (toe): 45.2070315387
T_melt (full): 59.8019327746
T_misprime (max): 32.3709115544
Worst misprime sequence: CCGGGTACACCCATCTACTGGGTCTCA
Full: CTCGAATACGCACTCACATTGGTCTCA
Toe: CACTCACATTGGTCTCA
T_melt (toe): 44.9326960272
T_melt (full): 58.9850289649
T_misprime (max): 32.6383202261
Worst misprime sequence: CAGTAGTCTCCTACCACAGTGGTCTCA
Full: TCTGAAAGGTGCGAGATATCGGTCTCA
Toe: GCGAGATATCGGTCTCA
T_melt (toe): 46.9784379379
T_melt (full): 59.1730246548
T_misprime (max): 32.6637922368
Worst misprime sequence: AGCGTTTTTGCGAGAGAATAGGTCTCA
Full: GCTCGATCATCTTTGAGTGAGGTCTCA
Toe: CTTTGAGTGAGGTCTCA
T_melt (toe): 44.1191475048
T_melt (full): 58.2923820757
T_misprime (max): 32.829322191
Worst misprime sequence: GCATTCGTTTTAGAGAGTGGGGTCTCA
Full: TAGGTCCAGTTCGGATAATGGGTCTCA
Toe: TCGGATAATGGGTCTCA
T_melt (toe): 45.0569835945
T_melt (full): 58.3987015037
T_misprime (max): 33.1895775035
Worst misprime sequence: AAGATATCGCCGGTAAAATGGGTCTCA
Full: AAGGCAATCATGAGGTCTGAGGTCTCA
Toe: TGAGGTCTGAGGTCTCA
T_melt (toe): 46.9640079578
T_melt (full): 59.261304174
T_misprime (max): 34.2864003862
Worst misprime sequence: ACCTTAGGATCGTACACTGAGGTCTCA
Full: TTTCCGAATGTACTAGCCGAGGTCTCA
Toe: TACTAGCCGAGGTCTCA
T_melt (toe): 46.9426308116
T_melt (full): 59.1175926499
T_misprime (max): 34.453211248
Worst misprime sequence: TGTACTTCCGAATTGTTCGAGGTCTCA
Full: ATTTGCGAATCCAGTACAAAGGTCTCA
Toe: CCAGTACAAAGGTCTCA
T_melt (toe): 44.0469844808
T_melt (full): 57.001917396
T_misprime (max): 32.2935783134
Worst misprime sequence: TCGCATAGATGATGCTCAAAGGTCTCA
Full: GCACATCCAATGAGACTTCTGGTCTCA
Toe: TGAGACTTCTGGTCTCA
T_melt (toe): 44.8500854074
T_melt (full): 58.6460679586
T_misprime (max): 27.2248569883
Worst misprime sequence: GAACATCGATGAGATACCCAGGTCTCA
Full: GACTTTCGAACCTATATGGGGGTCTCA
Toe: CCTATATGGGGGTCTCA
T_melt (toe): 44.6139455031
T_melt (full): 57.5660696528
T_misprime (max): 28.5263496624
Worst misprime sequence: CCGCGATTAAGTTACCTAGGGGTCTCA
Full: GACAGTGGTATCCCTAGTCAGGTCTCA
Toe: TCCCTAGTCAGGTCTCA
T_melt (toe): 46.1539969353
T_melt (full): 58.4115524634
T_misprime (max): 34.4652129323
Worst misprime sequence: GAAGCCCTAGTCCTTCGTAAGGTCTCA
Full: GTGCCTTTGAATATAAGCCGGGTCTCA
Toe: ATATAAGCCGGGTCTCA
T_melt (toe): 45.1262297239
T_melt (full): 58.9623417439
T_misprime (max): 34.3833991917
Worst misprime sequence: TCGCATCTTTCTAGATACCGGGTCTCA
Full: GATAAACGCTCAGGTCCTAAGGTCTCA
Toe: CAGGTCCTAAGGTCTCA
T_melt (toe): 45.3893069382
T_melt (full): 57.8023338671
T_misprime (max): 33.8060150144
Worst misprime sequence: GGTACTCAGGACAGCTCTAAGGTCTCA
Full: TCACTACGGTAGCTCACTTAGGTCTCA
Toe: AGCTCACTTAGGTCTCA
T_melt (toe): 44.9189118614
T_melt (full): 58.1581393109
T_misprime (max): 31.5923710278
Worst misprime sequence: GTGTACTACGTAGCTAGCAAGGTCTCA
Full: CACCGAACATTTGCACAATAGGTCTCA
Toe: TTGCACAATAGGTCTCA
T_melt (toe): 43.9375160664
T_melt (full): 57.9853067359
T_misprime (max): 27.2634802417
Worst misprime sequence: CTATGCGTTTGCATTTCTCAGGTCTCA
Full: CAGATATCCGTAGGATCGTTGGTCTCA
Toe: TAGGATCGTTGGTCTCA
T_melt (toe): 45.0910928782
T_melt (full): 57.4953062384
T_misprime (max): 33.7716947337
Worst misprime sequence: CCCGTACATGCTTCTTCGTTGGTCTCA
Full: GGAGTCTAACCTTGTCTTTGGGTCTCA
Toe: CTTGTCTTTGGGTCTCA
T_melt (toe): 44.7394705958
T_melt (full): 57.8323363976
T_misprime (max): 29.4441411961
Worst misprime sequence: AGCAACACCTCTTGTTAGTGGGTCTCA
Full: TGTACTTCCGAATTGTTCGAGGTCTCA
Toe: AATTGTTCGAGGTCTCA
T_melt (toe): 44.0469844808
T_melt (full): 57.9155303599
T_misprime (max): 34.453211248
Worst misprime sequence: TTTCCGAATGTACTAGCCGAGGTCTCA
Full: CTGAATCGTCTAAAGCATTGGGTCTCA
Toe: TAAAGCATTGGGTCTCA
T_melt (toe): 43.8141292935
T_melt (full): 57.1341637633
T_misprime (max): 30.1898383325
Worst misprime sequence: GGGGTAAGATTGAGCATTGAGGTCTCA
Full: TAGGCATTACCTTAACGTACGGTCTCA
Toe: CTTAACGTACGGTCTCA
T_melt (toe): 44.670201977
T_melt (full): 57.3243516802
T_misprime (max): 34.6303423236
Worst misprime sequence: ATTGGCTACCTCAACGTCTTGGTCTCA
Full: CTATCAATGCCTCCTATCTGGGTCTCA
Toe: CTCCTATCTGGGTCTCA
T_melt (toe): 44.7228351167
T_melt (full): 57.1741383533
T_misprime (max): 32.3709115544
Worst misprime sequence: CCGGGTACACCCATCTACTGGGTCTCA
Full: TAATTGCGTTGTTTCTCCCTGGTCTCA
Toe: GTTTCTCCCTGGTCTCA
T_melt (toe): 46.4707677786
T_melt (full): 58.532759371
T_misprime (max): 33.7399085344
Worst misprime sequence: TAGGCGCAATACATCTCCTTGGTCTCA
Full: TCGCCGTAAATTATGCTCTTGGTCTCA
Toe: TTATGCTCTTGGTCTCA
T_melt (toe): 43.1863530041
T_melt (full): 58.496209426
T_misprime (max): 33.9456541413
Worst misprime sequence: CATCGCCATAATCATTATGCGGTCTCA
Full: GCGGTCTAAATCTTGCAATTGGTCTCA
Toe: TCTTGCAATTGGTCTCA
T_melt (toe): 44.6348839301
T_melt (full): 58.0360304361
T_misprime (max): 26.6466954394
Worst misprime sequence: CGTACGGCCTAAACGGTGATGGTCTCA
Full: TTGCAATCGTCTCCTTTGTTGGTCTCA
Toe: CTCCTTTGTTGGTCTCA
T_melt (toe): 44.7394705958
T_melt (full): 58.9629193893
T_misprime (max): 34.0498535419
Worst misprime sequence: CCCGTACATGCTTCTTCGTTGGTCTCA
Full: GCTATAACACGATCCAGGTAGGTCTCA
Toe: GATCCAGGTAGGTCTCA
T_melt (toe): 45.1142952259
T_melt (full): 57.4302521384
T_misprime (max): 33.8869773765
Worst misprime sequence: TATGCACGATTTCCTAGGTTGGTCTCA
Full: GTTTGGAACGATAGGTCGAAGGTCTCA
Toe: ATAGGTCGAAGGTCTCA
T_melt (toe): 44.689397084
T_melt (full): 58.4514598303
T_misprime (max): 32.5778856522
Worst misprime sequence: GATAAACGCTCAGGTCCTAAGGTCTCA
Full: AGGCACTATACAGGAGAAAGGGTCTCA
Toe: CAGGAGAAAGGGTCTCA
T_melt (toe): 46.0867498229
T_melt (full): 58.3381341621
T_misprime (max): 31.5372167753
Worst misprime sequence: CGACTTGACTAAACAGGTAGGGTCTCA
Full: CTCGAACCATCTAGGTAGTCGGTCTCA
Toe: CTAGGTAGTCGGTCTCA
T_melt (toe): 45.0338903853
T_melt (full): 58.7569286936
T_misprime (max): 33.3044587229
Worst misprime sequence: GCAGAAATCAGGTACTTGTCGGTCTCA
Full: AGACTACCCTACAGCAAAAAGGTCTCA
Toe: ACAGCAAAAAGGTCTCA
T_melt (toe): 44.8972027837
T_melt (full): 57.3333507424
T_misprime (max): 30.2571492914
Worst misprime sequence: GGTACTCAGGACAGCTCTAAGGTCTCA
Full: AGACCTAAAGCTAGGTGCTAGGTCTCA
Toe: CTAGGTGCTAGGTCTCA
T_melt (toe): 45.2276254126
T_melt (full): 58.1307286829
T_misprime (max): 32.8024102775
Worst misprime sequence: ACTTCCCTAAGGTGGTACTAGGTCTCA
Full: TTCTCTCGATCTACTCTCCAGGTCTCA
Toe: CTACTCTCCAGGTCTCA
T_melt (toe): 44.7595411212
T_melt (full): 57.5030565637
T_misprime (max): 32.3709115544
Worst misprime sequence: ATGAAGGCATCAGTTAACCAGGTCTCA
Full: TCGCACTAACACGTTTTAACGGTCTCA
Toe: ACGTTTTAACGGTCTCA
T_melt (toe): 44.9781190161
T_melt (full): 59.0391231971
T_misprime (max): 32.9429393438
Worst misprime sequence: AGTAGTGGGTTGGTTTTAGCGGTCTCA
Full: AACTAGAGTCCTCGCATAATGGTCTCA
Toe: CTCGCATAATGGTCTCA
T_melt (toe): 44.9669221736
T_melt (full): 57.0889456211
T_misprime (max): 32.4879541356
Worst misprime sequence: GTAAACTCCCCCGCATATAAGGTCTCA
Full: CGTACGGCCTAAACGGTGATGGTCTCA
Toe: AAACGGTGATGGTCTCA
T_melt (toe): 46.86208859
T_melt (full): 62.0836245355
T_misprime (max): 33.85933253
Worst misprime sequence: GACTCTAACTCATACGGTGAGGTCTCA
Full: CTATGCAATGCTGTCATTTCGGTCTCA
Toe: CTGTCATTTCGGTCTCA
T_melt (toe): 45.1563822354
T_melt (full): 57.8851248145
T_misprime (max): 33.2817588132
Worst misprime sequence: TGGTACTAGGGTATCGTTTCGGTCTCA
Full: CGTAGACCTTTAAGGTGTCAGGTCTCA
Toe: TAAGGTGTCAGGTCTCA
T_melt (toe): 44.7799989929
T_melt (full): 57.6989811804
T_misprime (max): 33.1829452874
Worst misprime sequence: GACAGTGGTATCCCTAGTCAGGTCTCA
Full: TCGCAACATAAGCGTTTCTAGGTCTCA
Toe: AGCGTTTCTAGGTCTCA
T_melt (toe): 45.8842641526
T_melt (full): 58.4522721262
T_misprime (max): 29.9244707122
Worst misprime sequence: ATAGTCCACCATTGCCTCTAGGTCTCA
Full: TTTACCTCTCCGATGCTTAAGGTCTCA
Toe: CGATGCTTAAGGTCTCA
T_melt (toe): 44.8888561689
T_melt (full): 57.2427775444
T_misprime (max): 33.6629006797
Worst misprime sequence: TCGCATAGATGATGCTCAAAGGTCTCA
Full: CTAGCATAGCTGTTTTAGCCGGTCTCA
Toe: TGTTTTAGCCGGTCTCA
T_melt (toe): 46.9019032802
T_melt (full): 58.5521650524
T_misprime (max): 33.7912091619
Worst misprime sequence: AGTAGTGGGTTGGTTTTAGCGGTCTCA
Full: TCGATCAAGTGAACCTTACCGGTCTCA
Toe: GAACCTTACCGGTCTCA
T_melt (toe): 46.7232376078
T_melt (full): 59.2766003893
T_misprime (max): 34.4180865859
Worst misprime sequence: GGCTCTGATAACCTTACTTCGGTCTCA
Full: ACTTCCCTAAGGTGGTACTAGGTCTCA
Toe: GGTGGTACTAGGTCTCA
T_melt (toe): 45.0796938298
T_melt (full): 57.5675006956
T_misprime (max): 33.6347552565
Worst misprime sequence: TAAATCAAGCCCTTAGGGAAGGTCTCA
Full: TCGCAGTTTTGATTCTATGCGGTCTCA
Toe: GATTCTATGCGGTCTCA
T_melt (toe): 44.6205411288
T_melt (full): 58.9224821323
T_misprime (max): 33.3956376447
Worst misprime sequence: CATCGCCATAATCATTATGCGGTCTCA
Full: GGTACTACTCGTAGAAGGAGGGTCTCA
Toe: GTAGAAGGAGGGTCTCA
T_melt (toe): 45.0339249222
T_melt (full): 57.9960327016
T_misprime (max): 34.6108588477
Worst misprime sequence: GCTAGAGGTGGATATGGGAGGGTCTCA
Full: ACTGCCTATATAAGGTGAGGGGTCTCA
Toe: TAAGGTGAGGGGTCTCA
T_melt (toe): 46.8006792833
T_melt (full): 57.9468976148
T_misprime (max): 30.4151009371
Worst misprime sequence: CGTACGGCCTAAACGGTGATGGTCTCA
Full: GGGTTCTCTGGTGCTGTAATGGTCTCA
Toe: GTGCTGTAATGGTCTCA
T_melt (toe): 45.0450982436
T_melt (full): 59.9600565115
T_misprime (max): 30.8551220358
Worst misprime sequence: CCGCTTTAGAAGGCTGATATGGTCTCA
Full: AGCCACTAACTCCTAGTTGTGGTCTCA
Toe: TCCTAGTTGTGGTCTCA
T_melt (toe): 44.7799989929
T_melt (full): 58.7273989554
T_misprime (max): 30.9400056504
Worst misprime sequence: CAGTAGTCTCCTACCACAGTGGTCTCA
Full: CAGGGTGATGACAAACGTGAGGTCTCA
Toe: ACAAACGTGAGGTCTCA
T_melt (toe): 46.8818272542
T_melt (full): 60.3811757878
T_misprime (max): 31.3909100443
Worst misprime sequence: GCTCGATCATCTTTGAGTGAGGTCTCA
Full: GAGGGATAGACCTGGAGTTAGGTCTCA
Toe: CCTGGAGTTAGGTCTCA
T_melt (toe): 45.3893069382
T_melt (full): 57.9674576761
T_misprime (max): 30.9123052266
Worst misprime sequence: CGTAGACCTTTAAGGTGTCAGGTCTCA
Full: GGAAGAGCGAATCTTAGCTGGGTCTCA
Toe: ATCTTAGCTGGGTCTCA
T_melt (toe): 44.8832411989
T_melt (full): 59.8567499022
T_misprime (max): 33.2477111556
Worst misprime sequence: GCTCCTAGCCCTAACACCTGGGTCTCA
Full: GCTAGAGGTGGATATGGGAGGGTCTCA
Toe: GATATGGGAGGGTCTCA
T_melt (toe): 45.0802301187
T_melt (full): 60.1178779108
T_misprime (max): 34.6108588477
Worst misprime sequence: GGTACTACTCGTAGAAGGAGGGTCTCA
Full: CGCTTCCTAACTTAAAGCCTGGTCTCA
Toe: CTTAAAGCCTGGTCTCA
T_melt (toe): 44.4668482593
T_melt (full): 58.6511468561
T_misprime (max): 33.0060998259
Worst misprime sequence: GTGCCTTTGAATATAAGCCGGGTCTCA
Full: CCGCTTTAGAAGGCTGATATGGTCTCA
Toe: AGGCTGATATGGTCTCA
T_melt (toe): 44.9643726705
T_melt (full): 58.3303723659
T_misprime (max): 30.8551220358
Worst misprime sequence: GGGTTCTCTGGTGCTGTAATGGTCTCA
Full: ATCGTTCAAGGATATCCCAGGGTCTCA
Toe: GATATCCCAGGGTCTCA
T_melt (toe): 45.0802301187
T_melt (full): 58.6646433864
T_misprime (max): 30.7604010586
Worst misprime sequence: TCGAATCGAGATGTGTACAGGGTCTCA
Full: GGGTATTTCAGCTTTCCTAGGGTCTCA
Toe: GCTTTCCTAGGGTCTCA
T_melt (toe): 46.1988374964
T_melt (full): 57.7114077479
T_misprime (max): 31.2788244017
Worst misprime sequence: CAGGTTTCCGGTAGTCTGAGGGTCTCA
Full: GAAGCCCTAGTCCTTCGTAAGGTCTCA
Toe: TCCTTCGTAAGGTCTCA
T_melt (toe): 45.0110518341
T_melt (full): 59.1150584773
T_misprime (max): 34.4652129323
Worst misprime sequence: GACAGTGGTATCCCTAGTCAGGTCTCA
Full: TTGTATACGCGGGAAGATAGGGTCTCA
Toe: GGGAAGATAGGGTCTCA
T_melt (toe): 44.9992343554
T_melt (full): 58.7399077455
T_misprime (max): 32.5951289051
Worst misprime sequence: AAGATATCGCCGGTAAAATGGGTCTCA
Full: CTCCATTAAGCCTAGGGAATGGTCTCA
Toe: CCTAGGGAATGGTCTCA
T_melt (toe): 45.3574608986
T_melt (full): 57.5446001668
T_misprime (max): 34.647167949
Worst misprime sequence: TAAATCAAGCCCTTAGGGAAGGTCTCA
Full: ACAAAGCTGCACAGATTGAAGGTCTCA
Toe: ACAGATTGAAGGTCTCA
T_melt (toe): 43.0546305811
T_melt (full): 58.9582828641
T_misprime (max): 33.6969730175
Worst misprime sequence: TTAGCTGCAGTAAGAGGCAAGGTCTCA
Full: GAGTGGAGAAATTACGGTTTGGTCTCA
Toe: ATTACGGTTTGGTCTCA
T_melt (toe): 43.9741701944
T_melt (full): 57.0214622898
T_misprime (max): 30.5021030363
Worst misprime sequence: CGTACGGCCTAAACGGTGATGGTCTCA
Full: AGCAGCTATGGACATAGACAGGTCTCA
Toe: GACATAGACAGGTCTCA
T_melt (toe): 43.1531638532
T_melt (full): 58.6763233393
T_misprime (max): 30.4438227689
Worst misprime sequence: GCCTCGATGATGGACATATGGGTCTCA
Full: CGACTTAGCCCAGATTCTGGGGTCTCA
Toe: CAGATTCTGGGGTCTCA
T_melt (toe): 46.1671423834
T_melt (full): 61.1777544204
T_misprime (max): 31.6838578726
Worst misprime sequence: GCTCCTAGCCCTAACACCTGGGTCTCA
Full: AGCGTTTTTGCGAGAGAATAGGTCTCA
Toe: CGAGAGAATAGGTCTCA
T_melt (toe): 43.0066624226
T_melt (full): 58.6583444812
T_misprime (max): 32.6637922368
Worst misprime sequence: TCTGAAAGGTGCGAGATATCGGTCTCA
Full: CGAACGAATAGGAGTATACCGGTCTCA
Toe: GGAGTATACCGGTCTCA
T_melt (toe): 45.3853833642
T_melt (full): 57.5167190377
T_misprime (max): 32.8112490718
Worst misprime sequence: ACGAAGTGAATTGGAGAACAGGTCTCA
Full: ACTTTTTCGCGATTAGGTCTGGTCTCA
Toe: GATTAGGTCTGGTCTCA
T_melt (toe): 43.0248593709
T_melt (full): 58.3886540215
T_misprime (max): 33.2282603097
Worst misprime sequence: CATTCGCGATCTTGGTTAGAGGTCTCA
Full: ACCGCCTAAATAAAGTCATCGGTCTCA
Toe: TAAAGTCATCGGTCTCA
T_melt (toe): 43.0101524835
T_melt (full): 58.0084974984
T_misprime (max): 28.7331778654
Worst misprime sequence: CTATGCAATGCTGTCATTTCGGTCTCA
Full: ATGCACTCGACACCTAGAGAGGTCTCA
Toe: CACCTAGAGAGGTCTCA
T_melt (toe): 44.7595411212
T_melt (full): 60.224820969
T_misprime (max): 31.0773846348
Worst misprime sequence: CCACTCTCCCCCTATAGTCGGGTCTCA
Full: AAGTTAGGCTTACTAGGGGAGGTCTCA
Toe: TACTAGGGGAGGTCTCA
T_melt (toe): 45.3284530745
T_melt (full): 57.8391400166
T_misprime (max): 34.6108588477
Worst misprime sequence: AAAGAATCGCGAGTAAGGGAGGTCTCA
Full: CGCACTTTGTTCCAAATTTCGGTCTCA
Toe: TCCAAATTTCGGTCTCA
T_melt (toe): 44.3282984954
T_melt (full): 58.8320705437
T_misprime (max): 32.0922481062
Worst misprime sequence: CTATGCAATGCTGTCATTTCGGTCTCA
Full: TCTGGATCTCGGCAATGAAAGGTCTCA
Toe: GGCAATGAAAGGTCTCA
T_melt (toe): 45.6206946566
T_melt (full): 59.534806164
T_misprime (max): 33.0978359021
Worst misprime sequence: ATTTGACTTCGACCCTGAAAGGTCTCA
Full: CCACTCTCCCCCTATAGTCGGGTCTCA
Toe: CCTATAGTCGGGTCTCA
T_melt (toe): 44.999772665
T_melt (full): 61.4586681063
T_misprime (max): 34.8018830289
Worst misprime sequence: GTAAACTCCCCCGCATATAAGGTCTCA
Full: CAGCACTTGTTGTTTAATCGGGTCTCA
Toe: TGTTTAATCGGGTCTCA
T_melt (toe): 43.6316167354
T_melt (full): 57.9335928364
T_misprime (max): 31.0415092184
Worst misprime sequence: ACCCTAGATGATCTATCACGGGTCTCA
Full: CTAGTAACCCTCGAAGTCATGGTCTCA
Toe: TCGAAGTCATGGTCTCA
T_melt (toe): 45.8949564476
T_melt (full): 57.3216354013
T_misprime (max): 33.2854763237
Worst misprime sequence: ATTGGCTACCTCAACGTCTTGGTCTCA
Full: ACTAGGATCAGGTTATCAGGGGTCTCA
Toe: GGTTATCAGGGGTCTCA
T_melt (toe): 45.7477612484
T_melt (full): 57.6702776507
T_misprime (max): 30.6666837992
Worst misprime sequence: CCGCGATTAAGTTACCTAGGGGTCTCA
Full: AAGATATCGCCGGTAAAATGGGTCTCA
Toe: CGGTAAAATGGGTCTCA
T_melt (toe): 44.9775331548
T_melt (full): 58.0507985252
T_misprime (max): 33.1895775035
Worst misprime sequence: TAGGTCCAGTTCGGATAATGGGTCTCA
Full: CAGGTTTCCGGTAGTCTGAGGGTCTCA
Toe: GTAGTCTGAGGGTCTCA
T_melt (toe): 45.1478309971
T_melt (full): 60.8601033473
T_misprime (max): 31.6330684534
Worst misprime sequence: AAGATATCGCCGGTAAAATGGGTCTCA
Full: TACTCCCCTCCCTATTGGACGGTCTCA
Toe: CCTATTGGACGGTCTCA
T_melt (toe): 46.4243295568
T_melt (full): 61.1457539805
T_misprime (max): 30.8971111674
Worst misprime sequence: AGGCATTGTTGTACAAAGACGGTCTCA
Full: AGGATGAGCTACCATAATGGGGTCTCA
Toe: ACCATAATGGGGTCTCA
T_melt (toe): 45.0574118896
T_melt (full): 58.4369467947
T_misprime (max): 28.9359697631
Worst misprime sequence: CGACTTAGCCCAGATTCTGGGGTCTCA
Full: AATGCTAGTTGAGGTAAGGTGGTCTCA
Toe: GAGGTAAGGTGGTCTCA
T_melt (toe): 45.776454426
T_melt (full): 57.3864556502
T_misprime (max): 33.7060820365
Worst misprime sequence: TTGTTAGAGCCGAGGTAAGAGGTCTCA
Full: GGCTCTGATAACCTTACTTCGGTCTCA
Toe: ACCTTACTTCGGTCTCA
T_melt (toe): 45.3538589946
T_melt (full): 57.8023338671
T_misprime (max): 34.4180865859
Worst misprime sequence: TCGATCAAGTGAACCTTACCGGTCTCA
Full: TTAGCTGCAGTAAGAGGCAAGGTCTCA
Toe: TAAGAGGCAAGGTCTCA
T_melt (toe): 45.2070315387
T_melt (full): 59.4818327045
T_misprime (max): 33.7678455179
Worst misprime sequence: CCGTACCAATGTTACAGCAAGGTCTCA
Full: AGAACCTTGCATTAGGAGCAGGTCTCA
Toe: ATTAGGAGCAGGTCTCA
T_melt (toe): 44.8832411989
T_melt (full): 59.4771097159
T_misprime (max): 31.32405168
Worst misprime sequence: ATGAAGGCATCAGTTAACCAGGTCTCA
Full: AGATGAAGACTTCAGCATACGGTCTCA
Toe: TTCAGCATACGGTCTCA
T_melt (toe): 46.3551869155
T_melt (full): 57.5298244196
T_misprime (max): 29.8027919842
Worst misprime sequence: CCGTACCAATGTTACAGCAAGGTCTCA
Full: GAGCCAATTTTACCGATCTTGGTCTCA
Toe: TACCGATCTTGGTCTCA
T_melt (toe): 45.0910928782
T_melt (full): 57.336511395
T_misprime (max): 30.594973546
Worst misprime sequence: TCGCCGTAAATTATGCTCTTGGTCTCA
Full: GATGGTGAGACGTTTTCTGAGGTCTCA
Toe: CGTTTTCTGAGGTCTCA
T_melt (toe): 45.0784036889
T_melt (full): 58.3937227692
T_misprime (max): 34.2864003862
Worst misprime sequence: ACCTTAGGATCGTACACTGAGGTCTCA
Full: CCGCGATTAAGTTACCTAGGGGTCTCA
Toe: GTTACCTAGGGGTCTCA
T_melt (toe): 44.9647490812
T_melt (full): 59.4349525497
T_misprime (max): 30.7645231517
Worst misprime sequence: AAAGAATCGCGAGTAAGGGAGGTCTCA
Full: GGGGTAAGATTGAGCATTGAGGTCTCA
Toe: TGAGCATTGAGGTCTCA
T_melt (toe): 46.0973888241
T_melt (full): 58.2042096811
T_misprime (max): 32.4415827778
Worst misprime sequence: CATGAGACGTAGAGCATGTAGGTCTCA
Full: CCCGTACATGCTTCTTCGTTGGTCTCA
Toe: CTTCTTCGTTGGTCTCA
T_melt (toe): 45.0784036889
T_melt (full): 60.690878965
T_misprime (max): 34.0498535419
Worst misprime sequence: TTGCAATCGTCTCCTTTGTTGGTCTCA
Full: GATGTGATCGAGCAGAGTAAGGTCTCA
Toe: AGCAGAGTAAGGTCTCA
T_melt (toe): 44.9189118614
T_melt (full): 57.872151207
T_misprime (max): 30.6341629568
Worst misprime sequence: CGGGCCTCTAGCAGAGATTTGGTCTCA
Full: ATGCAAGATTCACTATCCACGGTCTCA
Toe: CACTATCCACGGTCTCA
T_melt (toe): 46.526223604
T_melt (full): 58.0012436895
T_misprime (max): 30.9679938666
Worst misprime sequence: AACACTATCCCTGAGTACTCGGTCTCA
Full: AAATAGCGGAAACCCTACTTGGTCTCA
Toe: AACCCTACTTGGTCTCA
T_melt (toe): 45.0107013
T_melt (full): 57.8785210987
T_misprime (max): 31.930465798
Worst misprime sequence: TAGGCGCAATACATCTCCTTGGTCTCA
Full: ATAGTCCACCATTGCCTCTAGGTCTCA
Toe: ATTGCCTCTAGGTCTCA
T_melt (toe): 44.8832411989
T_melt (full): 58.3917711377
T_misprime (max): 32.1632264112
Worst misprime sequence: GTATTGTTCGCCACCATTAAGGTCTCA
Full: ATTAACGGACCAGAGAGAAGGGTCTCA
Toe: CAGAGAGAAGGGTCTCA
T_melt (toe): 45.4561646405
T_melt (full): 58.5653587164
T_misprime (max): 32.8252631622
Worst misprime sequence: GCATTCGTTTTAGAGAGTGGGGTCTCA
Full: TGGTTACACTCTCTAGAGTGGGTCTCA
Toe: CTCTAGAGTGGGTCTCA
T_melt (toe): 44.7595411212
T_melt (full): 57.8096185859
T_misprime (max): 33.6100477867
Worst misprime sequence: AGCAACACCTCTTGTTAGTGGGTCTCA
Full: CAATGTCCTCGGGTAGTTACGGTCTCA
Toe: GGGTAGTTACGGTCTCA
T_melt (toe): 46.0379794038
T_melt (full): 59.5962130331
T_misprime (max): 33.9861461582
Worst misprime sequence: TGGTACTAGGGTATCGTTTCGGTCTCA
Full: AACGAATATGCATGGTAAACGGTCTCA
Toe: CATGGTAAACGGTCTCA
T_melt (toe): 45.0898090468
T_melt (full): 57.1312863815
T_misprime (max): 32.1432462642
Worst misprime sequence: CTCGAATACGCACTCACATTGGTCTCA
Full: ATTGGCTACCTCAACGTCTTGGTCTCA
Toe: TCAACGTCTTGGTCTCA
T_melt (toe): 46.5445392609
T_melt (full): 59.6952276987
T_misprime (max): 34.6303423236
Worst misprime sequence: TAGGCATTACCTTAACGTACGGTCTCA
Full: GTAAACTCCCCCGCATATAAGGTCTCA
Toe: CCGCATATAAGGTCTCA
T_melt (toe): 44.1668986769
T_melt (full): 57.8368278782
T_misprime (max): 34.8018830289
Worst misprime sequence: CCACTCTCCCCCTATAGTCGGGTCTCA
Full: ATTAGCGACTGGATGTTTACGGTCTCA
Toe: GGATGTTTACGGTCTCA
T_melt (toe): 44.7426404767
T_melt (full): 58.0187768189
T_misprime (max): 28.3634393949
Worst misprime sequence: CAATGTCCTCGGGTAGTTACGGTCTCA
Full: ATTTGACTTCGACCCTGAAAGGTCTCA
Toe: GACCCTGAAAGGTCTCA
T_melt (toe): 46.4707677786
T_melt (full): 58.0467198619
T_misprime (max): 33.0978359021
Worst misprime sequence: TCTGGATCTCGGCAATGAAAGGTCTCA
Full: TCGCATAGATGATGCTCAAAGGTCTCA
Toe: GATGCTCAAAGGTCTCA
T_melt (toe): 45.0001217642
T_melt (full): 58.0639473011
T_misprime (max): 34.781209831
Worst misprime sequence: GGTACTCAGGACAGCTCTAAGGTCTCA
Full: ATGAAGGCATCAGTTAACCAGGTCTCA
Toe: CAGTTAACCAGGTCTCA
T_melt (toe): 44.0469844808
T_melt (full): 57.8707510918
T_misprime (max): 32.3709115544
Worst misprime sequence: AAGTAGGGGTCTAGCTTCCAGGTCTCA
Full: ATATCAGGGGCGTCAAATGAGGTCTCA
Toe: CGTCAAATGAGGTCTCA
T_melt (toe): 45.1563822354
T_melt (full): 59.3708927484
T_misprime (max): 31.1786050996
Worst misprime sequence: TGTCTGGAGGCCCTCAAGTAGGTCTCA
Full: TAGGGACGTCGTACGACCTAGGTCTCA
Toe: GTACGACCTAGGTCTCA
T_melt (toe): 45.4164239408
T_melt (full): 61.1711649193
T_misprime (max): 33.6171259454
Worst misprime sequence: CGTACGGCCTAAACGGTGATGGTCTCA
Full: AGGGTCATCTCAGAGGTCTAGGTCTCA
Toe: CAGAGGTCTAGGTCTCA
T_melt (toe): 44.7595411212
T_melt (full): 59.0345364402
T_misprime (max): 32.8424216995
Worst misprime sequence: AAGGCAATCATGAGGTCTGAGGTCTCA
Full: CTTTACGCTGAAACACCTTTGGTCTCA
Toe: AAACACCTTTGGTCTCA
T_melt (toe): 44.3565230944
T_melt (full): 57.8818950867
T_misprime (max): 32.4398180343
Worst misprime sequence: GCTCCTAGCCCTAACACCTGGGTCTCA
Full: GCAATTGTTCCGTTGGTAAAGGTCTCA
Toe: CGTTGGTAAAGGTCTCA
T_melt (toe): 45.011501502
T_melt (full): 58.1367075169
T_misprime (max): 31.512821583
Worst misprime sequence: TTGTTAGAGCCGAGGTAAGAGGTCTCA
Full: AGAATGGGAGTTACTGCTACGGTCTCA
Toe: TTACTGCTACGGTCTCA
T_melt (toe): 45.5880834093
T_melt (full): 58.8423497093
T_misprime (max): 33.9924341154
Worst misprime sequence: CTTTGTTTGCCTACCTCTACGGTCTCA
Full: ATCATTCCTCACTTACCAAGGGTCTCA
Toe: ACTTACCAAGGGTCTCA
T_melt (toe): 45.0107013
T_melt (full): 57.1507630025
T_misprime (max): 30.110064236
Worst misprime sequence: GGGTATTTCAGCTTTCCTAGGGTCTCA
Full: AGTACTCTTCAAACAGTGGTGGTCTCA
Toe: AAACAGTGGTGGTCTCA
T_melt (toe): 46.5697133031
T_melt (full): 57.5094787298
T_misprime (max): 31.6788596298
Worst misprime sequence: CGTACGGCCTAAACGGTGATGGTCTCA
Full: AAATGGAGGATCTCATGTTCGGTCTCA
Toe: TCTCATGTTCGGTCTCA
T_melt (toe): 45.8949564476
T_melt (full): 57.7197091453
T_misprime (max): 32.9955182677
Worst misprime sequence: TGTCTGGAGGCCCTCAAGTAGGTCTCA
Full: CTATGCGTTTGCATTTCTCAGGTCTCA
Toe: GCATTTCTCAGGTCTCA
T_melt (toe): 45.0001217642
T_melt (full): 57.83351522
T_misprime (max): 32.5913163284
Worst misprime sequence: TAATTGCGTTGTTTCTCCCTGGTCTCA
Full: CGAAAGACCATCAGGTTCTTGGTCTCA
Toe: TCAGGTTCTTGGTCTCA
T_melt (toe): 45.4832964447
T_melt (full): 58.5967078159
T_misprime (max): 30.0805351827
Worst misprime sequence: TCGCCGTAAATTATGCTCTTGGTCTCA
Full: TTTTGCGAAGTTGTTGAGTTGGTCTCA
Toe: TTGTTGAGTTGGTCTCA
T_melt (toe): 44.1332503327
T_melt (full): 57.9791095029
T_misprime (max): 28.543335418
Worst misprime sequence: ATTTGCGAATCCAGTACAAAGGTCTCA
Full: CCGGGTACACCCATCTACTGGGTCTCA
Toe: CCATCTACTGGGTCTCA
T_melt (toe): 45.4696655189
T_melt (full): 62.3036772964
T_misprime (max): 32.3709115544
Worst misprime sequence: GGCACTCTCATTAGCTTCTGGGTCTCA
Full: TTGTTAGAGCCGAGGTAAGAGGTCTCA
Toe: CGAGGTAAGAGGTCTCA
T_melt (toe): 45.7214011201
T_melt (full): 58.5762016371
T_misprime (max): 33.7060820365
Worst misprime sequence: AATGCTAGTTGAGGTAAGGTGGTCTCA
Full: GCAGAAATCAGGTACTTGTCGGTCTCA
Toe: GGTACTTGTCGGTCTCA
T_melt (toe): 46.8225503171
T_melt (full): 58.6583444812
T_misprime (max): 33.3044587229
Worst misprime sequence: CTCGAACCATCTAGGTAGTCGGTCTCA
Full: GCATTCGTTTTAGAGAGTGGGGTCTCA
Toe: TAGAGAGTGGGGTCTCA
T_melt (toe): 46.1539969353
T_melt (full): 58.6511468561
T_misprime (max): 32.829322191
Worst misprime sequence: GCTCGATCATCTTTGAGTGAGGTCTCA
Full: GACTCTAACTCATACGGTGAGGTCTCA
Toe: CATACGGTGAGGTCTCA
T_melt (toe): 46.526223604
T_melt (full): 57.1226215601
T_misprime (max): 33.85933253
Worst misprime sequence: CGTACGGCCTAAACGGTGATGGTCTCA
Full: AAAATTCGCCTTACGGTACAGGTCTCA
Toe: TTACGGTACAGGTCTCA
T_melt (toe): 45.0567059401
T_melt (full): 58.3835564796
T_misprime (max): 31.6479647454
Worst misprime sequence: CGTACGGCCTAAACGGTGATGGTCTCA
Full: GAACCGAAGATAAATCCAGCGGTCTCA
Toe: TAAATCCAGCGGTCTCA
T_melt (toe): 46.2513453348
T_melt (full): 58.7642913962
T_misprime (max): 33.7468515216
Worst misprime sequence: AGTAGTGGGTTGGTTTTAGCGGTCTCA
Full: TCTTGCCAAAACTAAGTGTGGGTCTCA
Toe: ACTAAGTGTGGGTCTCA
T_melt (toe): 45.1262297239
T_melt (full): 58.4166411746
T_misprime (max): 31.2738208891
Worst misprime sequence: CGACTTGACTAAACAGGTAGGGTCTCA
Full: GTTAACTGCCAGATCTGTACGGTCTCA
Toe: AGATCTGTACGGTCTCA
T_melt (toe): 44.8059520347
T_melt (full): 58.238646938
T_misprime (max): 34.5042465244
Worst misprime sequence: TCTAGGACGGCAGAACTGTTGGTCTCA
Full: CAATCGCAATAGGTACAGGAGGTCTCA
Toe: AGGTACAGGAGGTCTCA
T_melt (toe): 46.5032532625
T_melt (full): 58.0669586402
T_misprime (max): 34.2441217815
Worst misprime sequence: AAAGAATCGCGAGTAAGGGAGGTCTCA
Full: GTGTACTACGTAGCTAGCAAGGTCTCA
Toe: TAGCTAGCAAGGTCTCA
T_melt (toe): 45.0453931347
T_melt (full): 57.6188468259
T_misprime (max): 34.7145812572
Worst misprime sequence: CCGTACCAATGTTACAGCAAGGTCTCA
Full: TCGTCATACCGAGCAAATCAGGTCTCA
Toe: GAGCAAATCAGGTCTCA
T_melt (toe): 45.0001217642
T_melt (full): 59.5953821002
T_misprime (max): 31.6092810054
Worst misprime sequence: GCAATTGAGGGCAAACTACAGGTCTCA
Full: CGTATATCTCGTCAAGTAGGGGTCTCA
Toe: GTCAAGTAGGGGTCTCA
T_melt (toe): 45.776454426
T_melt (full): 57.0199673663
T_misprime (max): 33.9263852088
Worst misprime sequence: AAGTAGGGGTCTAGCTTCCAGGTCTCA
Full: AAGTAACCCCACGTGTGTTAGGTCTCA
Toe: ACGTGTGTTAGGTCTCA
T_melt (toe): 46.196504389
T_melt (full): 59.375164516
T_misprime (max): 30.9001276393
Worst misprime sequence: CTAGTAACCCTCGAAGTCATGGTCTCA
Full: CATTCGCGATCTTGGTTAGAGGTCTCA
Toe: CTTGGTTAGAGGTCTCA
T_melt (toe): 43.3014286024
T_melt (full): 58.5598001583
T_misprime (max): 33.2282603097
Worst misprime sequence: ACTTTTTCGCGATTAGGTCTGGTCTCA
Full: GCAATTGAGGGCAAACTACAGGTCTCA
Toe: GCAAACTACAGGTCTCA
T_melt (toe): 44.9665698238
T_melt (full): 59.2778879118
T_misprime (max): 34.8747807848
Worst misprime sequence: GCGCAAAATTGCCAAACTTAGGTCTCA
Full: TAGGCGCAATACATCTCCTTGGTCTCA
Toe: ACATCTCCTTGGTCTCA
T_melt (toe): 45.1612671329
T_melt (full): 59.3763217584
T_misprime (max): 33.7399085344
Worst misprime sequence: TAATTGCGTTGTTTCTCCCTGGTCTCA
Full: GGCGTATGAACGTAGGATAGGGTCTCA
Toe: CGTAGGATAGGGTCTCA
T_melt (toe): 44.999772665
T_melt (full): 59.2804520184
T_misprime (max): 32.5067226239
Worst misprime sequence: TTGTATACGCGGGAAGATAGGGTCTCA
Full: AGGCATTGTTGTACAAAGACGGTCTCA
Toe: GTACAAAGACGGTCTCA
T_melt (toe): 44.7781819483
T_melt (full): 58.7515258305
T_misprime (max): 32.7436738022
Worst misprime sequence: GCACGATCTAGATACAAAGCGGTCTCA
Full: ACGAAGTGAATTGGAGAACAGGTCTCA
Toe: TTGGAGAACAGGTCTCA
T_melt (toe): 45.4832964447
T_melt (full): 58.0568874064
T_misprime (max): 32.8112490718
Worst misprime sequence: CGAACGAATAGGAGTATACCGGTCTCA
Full: ATAGTCAATGGGTACCAATCGGTCTCA
Toe: GGTACCAATCGGTCTCA
T_melt (toe): 46.8025127791
T_melt (full): 57.2816612433
T_misprime (max): 32.4934425552
Worst misprime sequence: TCACTACCTAGAAGGGTATCGGTCTCA
Full: CATGAGACGTAGAGCATGTAGGTCTCA
Toe: AGAGCATGTAGGTCTCA
T_melt (toe): 44.9994157902
T_melt (full): 57.6622829383
T_misprime (max): 32.4415827778
Worst misprime sequence: GGGGTAAGATTGAGCATTGAGGTCTCA
Full: CGGGCCTCTAGCAGAGATTTGGTCTCA
Toe: GCAGAGATTTGGTCTCA
T_melt (toe): 45.0001217642
T_melt (full): 61.4362945784
T_misprime (max): 30.6341629568
Worst misprime sequence: GATGTGATCGAGCAGAGTAAGGTCTCA
Full: GCGATTAGACCACACAAGATGGTCTCA
Toe: CACACAAGATGGTCTCA
T_melt (toe): 44.9326960272
T_melt (full): 58.7103095685
T_misprime (max): 32.7642200011
Worst misprime sequence: ATCCCGGGACCACAATACGTGGTCTCA
Full: CGGGTTCATAGTCTTTACCGGGTCTCA
Toe: GTCTTTACCGGGTCTCA
T_melt (toe): 46.7232376078
T_melt (full): 59.5934340797
T_misprime (max): 34.5391826282
Worst misprime sequence: TCGCATCTTTCTAGATACCGGGTCTCA
Full: AACACTATCCCTGAGTACTCGGTCTCA
Toe: CTGAGTACTCGGTCTCA
T_melt (toe): 45.8281844738
T_melt (full): 58.1445261229
T_misprime (max): 32.407530297
Worst misprime sequence: CTCGAACCATCTAGGTAGTCGGTCTCA
Full: CGGTTGAGCAAGATTGTGGAGGTCTCA
Toe: AGATTGTGGAGGTCTCA
T_melt (toe): 45.1612671329
T_melt (full): 60.6425737756
T_misprime (max): 31.117963353
Worst misprime sequence: TGCAAACACATCGTTATGGAGGTCTCA
Full: TCATAAGGCAGTAGTCCCTTGGTCTCA
Toe: GTAGTCCCTTGGTCTCA
T_melt (toe): 45.776454426
T_melt (full): 58.5583106708
T_misprime (max): 33.2875855276
Worst misprime sequence: TAGGCGCAATACATCTCCTTGGTCTCA
Full: TCGGACTATGATCCTAGGAAGGTCTCA
Toe: ATCCTAGGAAGGTCTCA
T_melt (toe): 43.5661726189
T_melt (full): 57.535657065
T_misprime (max): 31.7473605775
Worst misprime sequence: TATGCACGATTTCCTAGGTTGGTCTCA
Full: ATATCAATGCGAGGTTCCTAGGTCTCA
Toe: GAGGTTCCTAGGTCTCA
T_melt (toe): 45.0339249222
T_melt (full): 57.1269903437
T_misprime (max): 32.994515726
Worst misprime sequence: TAGGGACGTCGTACGACCTAGGTCTCA
Full: GTATTGTTCGCCACCATTAAGGTCTCA
Toe: CCACCATTAAGGTCTCA
T_melt (toe): 44.0050089824
T_melt (full): 57.3418825741
T_misprime (max): 32.1632264112
Worst misprime sequence: ATAGTCCACCATTGCCTCTAGGTCTCA
Full: GGTACTCAGGACAGCTCTAAGGTCTCA
Toe: ACAGCTCTAAGGTCTCA
T_melt (toe): 44.9189118614
T_melt (full): 58.6328519953
T_misprime (max): 34.781209831
Worst misprime sequence: TCGCATAGATGATGCTCAAAGGTCTCA
Sequences generated: 200
